[Pixel 6::thor ]-> CryptoManager.coreAesEncrypt is called: data=1,0,67,0,27,0,0,0,3,0,1,0,0,0,95,-91
CryptoManager.coreAesEncrypt result=-93,39,-85,-1,104,-90,114,-120,-10,-42,84,-1,-121,95,31,92
CryptoManager.coreAesEncrypt is called: data=-59,-120,-128,2,-22,-88,-35,4,-126,84,75,68,0,-104,54,-117
CryptoManager.coreAesEncrypt result=5,0,67,0,27,0,0,0,3,0,1,-91,-91,-91,-91,-91
CryptoManager.coreAesEncrypt is called: data=1,0,67,0,27,0,0,0,3,0,1,0,0,0,90,-91
CryptoManager.coreAesEncrypt result=-15,-80,42,49,105,-12,-22,-58,-9,-28,-33,53,-116,-10,-27,77
CryptoManager.coreAesEncrypt is called: data=-98,67,-103,-58,-96,-65,73,-77,105,84,27,101,1,118,25,58
CryptoManager.coreAesEncrypt result=5,0,67,0,27,0,0,0,3,0,1,-91,-91,-91,-91,-91
CryptoManager.coreAesEncrypt is called: data=1,0,67,0,27,0,0,0,3,0,1,0,0,0,85,-91
CryptoManager.coreAesEncrypt result=-35,-62,-47,20,123,-53,-59,-67,-41,-23,111,49,70,-41,78,-64
CryptoManager.coreAesEncrypt is called: data=-122,21,8,85,78,67,45,-125,-126,59,-44,-117,84,38,108,67
CryptoManager.coreAesEncrypt result=5,0,67,0,27,0,0,0,3,0,1,-91,-91,-91,-91,-91
CryptoManager.coreAesEncrypt is called: data=1,0,67,0,27,0,0,0,3,0,1,0,0,0,80,-91
CryptoManager.coreAesEncrypt result=-84,28,-29,16,-1,-28,68,127,-50,16,-57,77,66,101,-113,-76
CryptoManager.coreAesEncrypt is called: data=93,4,20,11,81,93,37,11,126,25,81,-63,23,-107,84,-44
CryptoManager.coreAesEncrypt result=5,0,67,0,27,0,0,0,3,0,1,-91,-91,-91,-91,-91
CryptoManager.coreAesEncrypt is called: data=1,0,67,0,27,0,0,0,3,0,1,0,0,0,75,-91
CryptoManager.coreAesEncrypt result=29,-82,116,-108,-73,43,120,16,35,-23,-114,12,-13,-114,-1,-3
CryptoManager.coreAesEncrypt is called: data=-34,-115,-32,109,-13,-126,-100,-96,102,-2,12,-69,122,-81,117,4
CryptoManager.coreAesEncrypt result=5,0,67,0,27,0,0,0,3,0,1,-91,-91,-91,-91,-91
CryptoManager.coreAesEncrypt is called: data=1,0,67,0,27,0,0,0,3,0,1,0,0,0,70,-91
CryptoManager.coreAesEncrypt result=118,-105,-7,-78,112,-48,-94,-121,100,-109,126,-127,54,68,-96,90
CryptoManager.coreAesEncrypt is called: data=-39,76,-10,-128,81,86,112,27,-99,-92,107,-65,74,-5,101,-25
CryptoManager.coreAesEncrypt result=5,0,67,0,27,0,0,0,3,0,1,-91,-91,-91,-91,-91
CryptoManager.coreAesEncrypt is called: data=1,0,67,0,27,0,0,0,3,0,1,0,0,0,65,-91
CryptoManager.coreAesEncrypt result=23,-90,119,-11,-10,-90,-69,77,90,42,-20,25,45,101,58,107
CryptoManager.coreAesEncrypt is called: data=4,46,-5,-65,45,-115,-24,103,43,-58,41,35,53,-68,3,96
CryptoManager.coreAesEncrypt result=5,0,67,0,27,0,0,0,3,0,1,-91,-91,-91,-91,-91
CryptoManager.coreAesEncrypt is called: data=1,0,67,0,27,0,0,0,3,0,1,0,0,0,60,-91
CryptoManager.coreAesEncrypt result=-33,-16,99,-21,69,-32,50,82,-27,85,-56,-122,90,-72,-105,12
CryptoManager.coreAesEncrypt is called: data=-127,23,41,0,97,-62,-6,-67,-84,22,-44,-21,-47,74,2,-79
CryptoManager.coreAesEncrypt result=5,0,67,0,27,0,0,0,3,0,1,-91,-91,-91,-91,-91
CryptoManager.coreAesEncrypt is called: data=1,0,67,0,27,0,0,0,3,0,1,0,0,0,55,-91
CryptoManager.coreAesEncrypt result=113,-98,-41,106,106,-14,-128,59,-15,-73,86,-68,53,82,-44,92
CryptoManager.coreAesEncrypt is called: data=-99,49,51,71,107,-82,-74,-50,117,-68,-39,33,-55,73,-88,-29
CryptoManager.coreAesEncrypt result=5,0,67,0,27,0,0,0,3,0,1,-91,-91,-91,-91,-91
CryptoManager.coreAesEncrypt is called: data=1,0,67,0,27,0,0,0,3,0,1,0,0,0,50,-91
CryptoManager.coreAesEncrypt result=-7,80,97,-8,111,46,-75,-1,95,14,-78,107,-82,28,-10,-96
CryptoManager.coreAesEncrypt is called: data=-126,8,53,-8,-19,-34,-127,-125,105,111,23,-34,-90,-13,-115,11
CryptoManager.coreAesEncrypt result=5,0,67,0,27,0,0,0,3,0,1,-91,-91,-91,-91,-91
CryptoManager.coreAesEncrypt is called: data=1,0,67,0,27,0,0,0,3,0,1,0,0,0,45,-91
CryptoManager.coreAesEncrypt result=-124,-60,-16,-85,24,-12,-58,-55,-60,68,2,-122,104,-69,-14,122
CryptoManager.coreAesEncrypt is called: data=-36,11,-51,-33,-50,-27,122,5,-107,124,117,-7,-50,-6,37,-62
CryptoManager.coreAesEncrypt result=5,0,67,0,27,0,0,0,3,0,1,-91,-91,-91,-91,-91
CryptoManager.coreAesEncrypt is called: data=1,0,67,0,27,0,0,0,3,0,1,0,0,0,40,-91
CryptoManager.coreAesEncrypt result=-104,84,62,-54,14,-104,81,17,15,27,-87,-80,-45,-112,-128,33
CryptoManager.coreAesEncrypt is called: data=-107,37,14,105,-108,107,78,-58,-51,32,-34,-121,46,11,-109,112
CryptoManager.coreAesEncrypt result=5,0,67,0,27,0,0,0,3,0,1,-91,-91,-91,-91,-91
CryptoManager.coreAesEncrypt is called: data=1,0,67,0,27,0,0,0,3,0,1,0,0,0,35,-91
CryptoManager.coreAesEncrypt result=98,-80,-4,-121,-108,-30,-1,44,-123,83,17,-21,32,19,-57,125
CryptoManager.coreAesEncrypt is called: data=-37,86,42,28,12,-56,87,-73,32,-102,-7,50,-47,-86,-79,100
CryptoManager.coreAesEncrypt result=5,0,67,0,27,0,0,0,3,0,1,-91,-91,-91,-91,-91
CryptoManager.coreAesEncrypt is called: data=1,0,67,0,27,0,0,0,3,0,1,0,0,0,30,-91
CryptoManager.coreAesEncrypt result=-40,21,98,106,36,28,-22,79,-120,25,0,-1,2,-98,0,-43
CryptoManager.coreAesEncrypt is called: data=55,-47,-123,116,-21,109,-125,-37,34,-9,-31,22,-67,30,-82,-122
CryptoManager.coreAesEncrypt result=5,0,67,0,27,0,0,0,3,0,1,-91,-91,-91,-91,-91
CryptoManager.coreAesEncrypt is called: data=1,0,67,0,27,0,0,0,3,0,1,0,0,0,25,-91
CryptoManager.coreAesEncrypt result=33,107,-108,-95,-6,115,-5,-11,-105,45,-75,71,-83,-69,-60,86
CryptoManager.coreAesEncrypt is called: data=98,-108,81,74,-21,-110,14,29,-68,91,85,69,29,-36,98,-114
CryptoManager.coreAesEncrypt result=5,0,67,0,27,0,0,0,3,0,1,-91,-91,-91,-91,-91
CryptoManager.coreAesEncrypt is called: data=1,0,67,0,27,0,0,0,3,0,1,0,0,0,20,-91
CryptoManager.coreAesEncrypt result=75,20,79,-30,-125,2,-50,-73,-48,-116,112,31,32,-17,45,-79
CryptoManager.coreAesEncrypt is called: data=-28,121,20,72,51,15,101,65,80,-33,-40,-121,-93,-27,54,-7
CryptoManager.coreAesEncrypt result=5,0,67,0,27,0,0,0,3,0,1,-91,-91,-91,-91,-91
CryptoManager.coreAesEncrypt is called: data=1,0,67,0,27,0,0,0,3,0,1,0,0,0,15,-91
CryptoManager.coreAesEncrypt result=-75,76,-97,-34,-82,-71,-95,51,68,1,22,-56,94,-6,94,26
CryptoManager.coreAesEncrypt is called: data=-36,125,126,-78,-57,14,64,53,64,-16,-62,16,43,47,-31,127
CryptoManager.coreAesEncrypt result=5,0,67,0,27,0,0,0,3,0,1,-91,-91,-91,-91,-91
CryptoManager.coreAesEncrypt is called: data=1,0,67,0,27,0,0,0,3,0,1,0,0,0,5,-91
CryptoManager.coreAesEncrypt result=69,114,-43,32,-24,33,120,-51,-117,-29,-56,83,1,-125,-56,-3
CryptoManager.coreAesEncrypt is called: data=50,-19,114,-71,-46,-2,35,-65,12,-74,-9,-77,104,-127,-81,34
CryptoManager.coreAesEncrypt result=5,0,67,0,27,0,0,0,3,0,1,-91,-91,-91,-91,-91
CryptoManager.coreAesEncrypt is called: data=1,0,67,0,27,0,0,0,3,0,1,0,0,0,0,-91
CryptoManager.coreAesEncrypt result=44,-102,-90,-91,123,-59,121,-71,36,50,79,73,-94,-29,-70,82
CryptoManager.coreAesEncrypt is called: data=-24,107,-37,-81,-112,62,-1,-11,122,-7,67,-96,40,-62,-101,15
CryptoManager.coreAesEncrypt result=5,0,67,0,27,0,0,0,3,0,1,-91,-91,-91,-91,-91
CryptoManager.coreAesInit is called: iv=77,-12,-9,-13,-127,6,-53,82,-33,-77,-43,-35,-96,-87,62,-128, hardware_version=1538, firmware_version=520, serial_number=17102
CryptoManager.coreAesEncrypt is called: data=1,0,67,0,27,0,0,0,3,0,1,0,0,0,0,-91
CryptoManager.coreAesEncrypt result=103,106,5,-52,62,107,9,8,9,46,67,-22,-89,-17,45,125
CryptoManager.coreAesEncrypt is called: data=-84,34,-37,-81,-56,95,-13,110,-115,113,-17,-106,112,89,40,8
CryptoManager.coreAesEncrypt result=5,0,67,0,27,0,0,0,3,0,1,-91,-91,-91,-91,-91
CryptoManager.coreAesEncrypt is called: data=1,0,67,0,27,0,0,0,3,0,1,0,0,0,5,-91
CryptoManager.coreAesEncrypt result=80,-28,-23,3,64,-82,-98,-24,107,-24,-34,-46,-73,36,-98,62
CryptoManager.coreAesEncrypt is called: data=29,-122,-107,-54,43,-73,16,72,-64,107,6,-119,-10,-27,-121,38
CryptoManager.coreAesEncrypt result=5,0,67,0,27,0,0,0,3,0,1,-91,-91,-91,-91,-91
CryptoManager.coreAesEncrypt is called: data=1,0,67,0,27,0,0,0,3,0,1,0,0,0,10,-91
CryptoManager.coreAesEncrypt result=109,2,111,58,-32,-80,119,28,66,-62,-8,100,-42,71,101,-102
CryptoManager.coreAesEncrypt is called: data=71,108,116,127,-30,-89,-1,74,18,-11,-5,50,-34,-108,73,-66
CryptoManager.coreAesEncrypt result=5,0,67,0,27,0,0,0,3,0,1,-91,-91,-91,-91,-91
CryptoManager.coreAesEncrypt is called: data=1,0,67,0,27,0,0,0,3,0,1,0,0,0,15,-91
CryptoManager.coreAesEncrypt result=111,73,17,81,16,-105,23,117,34,-46,-30,-55,-7,-101,113,-16
CryptoManager.coreAesEncrypt is called: data=-10,55,-61,24,-79,-25,53,-72,11,51,82,-113,4,-73,25,-120
CryptoManager.coreAesEncrypt result=5,0,67,0,27,0,0,0,3,0,1,-91,-91,-91,-91,-91
CryptoManager.coreAesEncrypt is called: data=1,0,67,0,27,0,0,0,3,0,1,0,0,0,20,-91
CryptoManager.coreAesEncrypt result=-11,-106,3,108,47,-114,-90,84,-127,109,-7,41,-26,-99,117,-107
CryptoManager.coreAesEncrypt is called: data=-94,-56,-128,17,40,-87,0,67,55,49,42,-114,-22,-92,10,-116
CryptoManager.coreAesEncrypt result=5,0,67,0,27,0,0,0,3,0,1,-91,-91,-91,-91,-91
CryptoManager.coreAesEncrypt is called: data=1,0,67,0,27,0,0,0,3,0,1,0,0,0,25,-91
CryptoManager.coreAesEncrypt result=52,47,-126,1,25,-27,6,-7,-95,-17,-120,107,-37,-78,-15,-70
CryptoManager.coreAesEncrypt is called: data=-23,-45,-78,-23,-88,32,-22,-107,-41,67,93,-9,-29,-86,-85,108
CryptoManager.coreAesEncrypt result=5,0,67,0,27,0,0,0,3,0,1,-91,-91,-91,-91,-91
CryptoManager.coreAesEncrypt is called: data=1,0,67,0,27,0,0,0,3,0,1,0,0,0,30,-91
CryptoManager.coreAesEncrypt result=-1,-123,93,1,85,59,-42,-58,-59,-88,13,-76,-108,117,70,-51
CryptoManager.coreAesEncrypt is called: data=86,101,41,45,-25,27,-60,-77,74,62,47,104,70,55,126,6
CryptoManager.coreAesEncrypt result=5,0,67,0,27,0,0,0,3,0,1,-91,-91,-91,-91,-91
CryptoManager.coreAesEncrypt is called: data=1,0,67,0,27,0,0,0,3,0,1,0,0,0,35,-91
CryptoManager.coreAesEncrypt result=15,1,-128,8,40,49,64,-69,-106,-102,50,-22,102,42,79,48
CryptoManager.coreAesEncrypt is called: data=-47,-78,-30,-83,52,-78,-28,4,-111,-28,-98,-62,79,91,-38,29
CryptoManager.coreAesEncrypt result=5,0,67,0,27,0,0,0,3,0,1,-91,-91,-91,-91,-91
CryptoManager.coreAesEncrypt is called: data=1,0,67,0,27,0,0,0,3,0,1,0,0,0,40,-91
CryptoManager.coreAesEncrypt result=-98,96,121,79,79,-107,-125,61,-70,-21,-25,121,106,-17,80,-118
CryptoManager.coreAesEncrypt is called: data=44,-18,-22,94,-71,-36,95,-102,24,-30,103,37,-119,-41,108,63
CryptoManager.coreAesEncrypt result=5,0,67,0,27,0,0,0,3,0,1,-91,-91,-91,-91,-91
CryptoManager.coreAesEncrypt is called: data=1,0,67,0,27,0,0,0,3,0,1,0,0,0,45,-91
CryptoManager.coreAesEncrypt result=109,84,7,79,-39,-86,25,127,74,49,19,-112,-27,-57,61,-101
CryptoManager.coreAesEncrypt is called: data=-112,22,-107,-13,-13,-42,-116,101,0,-94,-5,94,-112,20,-126,84
CryptoManager.coreAesEncrypt result=5,0,67,0,27,0,0,0,3,0,1,-91,-91,-91,-91,-91
CryptoManager.coreAesEncrypt is called: data=1,0,67,0,27,0,0,0,3,0,1,0,0,0,50,-91
CryptoManager.coreAesEncrypt result=61,-115,50,-88,54,-86,13,-123,-125,86,30,-35,103,-73,-68,-7
CryptoManager.coreAesEncrypt is called: data=-13,88,-68,-21,-73,-101,26,21,-98,94,4,60,-35,-125,7,-91
CryptoManager.coreAesEncrypt result=5,0,67,0,27,0,0,0,3,0,1,-91,-91,-91,-91,-91
CryptoManager.coreAesEncrypt is called: data=1,0,67,0,27,0,0,0,3,0,1,0,0,0,55,-91
CryptoManager.coreAesEncrypt result=-1,-121,-117,96,-70,-42,100,33,-12,46,37,-122,-28,4,82,108
CryptoManager.coreAesEncrypt is called: data=0,60,-121,-31,-40,68,20,10,-114,-5,15,-54,115,-37,57,-43
CryptoManager.coreAesEncrypt result=5,0,67,0,27,0,0,0,3,0,1,-91,-91,-91,-91,-91
CryptoManager.coreAesEncrypt is called: data=1,0,67,0,27,0,0,0,3,0,1,0,0,0,60,-91
CryptoManager.coreAesEncrypt result=-82,88,-69,41,-64,-21,-103,43,-93,-73,70,-75,-84,-20,-3,-52
CryptoManager.coreAesEncrypt is called: data=-83,80,42,-5,-106,-73,-79,-77,-47,-17,-68,10,-66,-108,-78,92
CryptoManager.coreAesEncrypt result=5,0,67,0,27,0,0,0,3,0,1,-91,-91,-91,-91,-91
CryptoManager.coreAesEncrypt is called: data=1,0,67,0,27,0,0,0,3,0,1,0,0,0,65,-91
CryptoManager.coreAesEncrypt result=100,-30,-74,4,-38,-61,67,63,-28,-121,107,-24,117,-94,-9,-68
CryptoManager.coreAesEncrypt is called: data=-78,49,-78,-123,-75,49,-120,-23,-63,-69,-1,-86,21,18,-74,-25
CryptoManager.coreAesEncrypt result=5,0,67,0,27,0,0,0,3,0,1,-91,-91,-91,-91,-91
CryptoManager.coreAesEncrypt is called: data=1,0,67,0,27,0,0,0,3,0,1,0,0,0,70,-91
CryptoManager.coreAesEncrypt result=58,-5,2,-32,68,110,-2,-81,-114,42,-96,5,-124,3,46,-13
CryptoManager.coreAesEncrypt is called: data=-127,117,73,-114,-75,49,122,-87,65,-117,68,-63,33,-19,-96,73
CryptoManager.coreAesEncrypt result=5,0,67,0,27,0,0,0,3,0,1,-91,-91,-91,-91,-91
CryptoManager.coreAesEncrypt is called: data=1,0,67,0,27,0,0,0,3,0,1,0,0,0,75,-91
CryptoManager.coreAesEncrypt result=43,-8,118,-91,-2,8,107,21,1,-25,-44,-96,33,-112,24,76
CryptoManager.coreAesEncrypt is called: data=37,28,-107,-55,-75,102,-89,-20,69,-20,49,113,-28,-112,18,-5
CryptoManager.coreAesEncrypt result=5,0,67,0,27,0,0,0,3,0,1,-91,-91,-91,-91,-91
CryptoManager.coreAesEncrypt is called: data=1,0,67,0,27,0,0,0,3,0,1,0,0,0,80,-91
CryptoManager.coreAesEncrypt result=-105,51,69,83,-2,75,-57,-75,55,-39,-116,-125,-45,-14,67,87
CryptoManager.coreAesEncrypt is called: data=-1,-71,0,104,-79,43,-19,120,123,121,-47,-34,-16,-1,-101,57
CryptoManager.coreAesEncrypt result=5,0,67,0,27,0,0,0,3,0,1,-91,-91,-91,-91,-91
CryptoManager.coreAesEncrypt is called: data=1,0,67,0,27,0,0,0,3,0,1,0,0,0,85,-91
CryptoManager.coreAesEncrypt result=-48,90,22,-2,17,107,58,104,-69,-1,9,102,-77,-24,-89,1
CryptoManager.coreAesEncrypt is called: data=17,-86,9,-25,-66,46,-115,-85,23,53,-17,-119,47,-40,-127,-120
CryptoManager.coreAesEncrypt result=5,0,67,0,27,0,0,0,3,0,1,-91,-91,-91,-91,-91
CryptoManager.coreAesEncrypt is called: data=1,0,67,0,27,0,0,0,3,0,1,0,0,0,95,-91
CryptoManager.coreAesEncrypt result=-68,25,74,8,49,111,-9,-111,10,-47,-84,122,-34,12,68,-46
CryptoManager.coreAesEncrypt is called: data=-112,31,-16,50,-15,-51,117,-120,9,99,-101,106,-3,-112,-41,-95
CryptoManager.coreAesEncrypt result=5,0,67,0,27,0,0,0,3,0,1,-91,-91,-91,-91,-91
CryptoManager.coreAesEncrypt is called: data=1,0,67,0,27,0,0,0,3,0,1,0,0,0,100,-91
CryptoManager.coreAesEncrypt result=-104,107,-5,-128,67,107,18,114,109,-27,-44,-110,-89,-45,125,-117
CryptoManager.coreAesEncrypt is called: data=-73,-99,-2,-9,-15,109,-96,-119,-51,-48,-115,81,83,-41,41,-44
CryptoManager.coreAesEncrypt result=5,0,67,0,27,0,0,0,3,0,1,-91,-91,-91,-91,-91
CryptoManager.coreAesInit is called: iv=91,-29,-98,-36,-118,99,-113,13,82,76,-64,54,-9,-21,-91,68, hardware_version=1538, firmware_version=520, serial_number=17102
CryptoManager.coreAesEncrypt is called: data=1,0,67,0,27,0,0,0,3,0,1,0,0,0,100,-91
CryptoManager.coreAesEncrypt result=-32,-113,-82,-114,82,91,76,-71,-2,-52,-90,-17,36,-118,-17,-105
CryptoManager.coreAesEncrypt is called: data=-26,34,51,71,5,13,-52,-78,126,-72,120,-4,82,80,59,16
CryptoManager.coreAesEncrypt result=5,0,67,0,27,0,0,0,3,0,1,-91,-91,-91,-91,-91
CryptoManager.coreAesEncrypt is called: data=1,0,67,0,27,0,0,0,3,0,1,0,24,0,30,-91
CryptoManager.coreAesEncrypt result=-14,10,-60,67,65,84,-59,-67,-78,117,112,-120,38,-128,30,-69
CryptoManager.coreAesEncrypt is called: data=-51,-57,77,-69,-97,90,-119,-55,118,81,76,-9,-23,-18,69,-50
CryptoManager.coreAesEncrypt result=5,0,67,0,27,0,0,0,3,0,1,-91,-91,-91,-91,-91
CryptoManager.coreAesEncrypt is called: data=1,0,67,0,27,0,0,0,3,0,1,0,24,0,25,-91
CryptoManager.coreAesEncrypt result=2,-104,-69,116,-90,7,4,86,95,90,64,47,-40,80,-6,85
CryptoManager.coreAesEncrypt is called: data=-81,20,90,-116,28,109,71,106,-119,-114,-70,70,-124,-1,-52,122
CryptoManager.coreAesEncrypt result=5,0,67,0,27,0,0,0,3,0,1,-91,-91,-91,-91,-91
CryptoManager.coreAesEncrypt is called: data=1,0,67,0,27,0,0,0,3,0,1,0,24,0,20,-91
CryptoManager.coreAesEncrypt result=-36,-21,97,-75,126,78,82,-50,126,41,124,1,-87,10,65,115
CryptoManager.coreAesEncrypt is called: data=-64,-69,118,-86,127,-110,16,67,-57,18,-69,-65,76,-111,-76,-52
CryptoManager.coreAesEncrypt result=5,0,67,0,27,0,0,0,3,0,1,-91,-91,-91,-91,-91
CryptoManager.coreAesEncrypt is called: data=1,0,67,0,27,0,0,0,3,0,1,0,24,0,15,-91
CryptoManager.coreAesEncrypt result=3,70,-102,69,-82,66,36,-61,8,33,2,34,27,47,-79,-3
CryptoManager.coreAesEncrypt is called: data=-71,-9,110,71,-36,-7,75,21,-123,2,27,-111,-67,-72,-14,86
CryptoManager.coreAesEncrypt result=5,0,67,0,27,0,0,0,3,0,1,-91,-91,-91,-91,-91
CryptoManager.coreAesEncrypt is called: data=1,0,67,0,27,0,0,0,3,0,1,0,24,0,10,-91
CryptoManager.coreAesEncrypt result=104,-24,-12,-119,-47,-58,-116,-90,-97,-33,113,7,-95,-59,-60,17
CryptoManager.coreAesEncrypt is called: data=-102,-86,7,112,-23,-44,-60,29,-20,42,24,-66,36,55,-6,-34
CryptoManager.coreAesEncrypt result=5,0,67,0,27,0,0,0,3,0,1,-91,-91,-91,-91,-91
CryptoManager.coreAesEncrypt is called: data=1,0,67,0,27,0,0,0,3,0,1,0,24,0,5,-91
CryptoManager.coreAesEncrypt result=-98,-67,72,-58,-125,41,124,3,93,-15,-13,21,-33,-126,51,-113
CryptoManager.coreAesEncrypt is called: data=-47,-72,-104,42,124,16,-30,-100,81,-56,-33,-62,32,-26,53,86
CryptoManager.coreAesEncrypt result=5,0,67,0,27,0,0,0,3,0,1,-91,-91,-91,-91,-91
CryptoManager.coreAesEncrypt is called: data=1,0,67,0,27,0,0,0,3,0,1,0,24,0,0,-91
CryptoManager.coreAesEncrypt result=-15,55,39,-90,56,-87,-112,-73,29,-72,-92,-29,79,-72,-19,104
CryptoManager.coreAesEncrypt is called: data=-5,111,-11,-59,89,55,94,-1,49,-84,87,-11,21,124,86,-44
CryptoManager.coreAesEncrypt result=5,0,67,0,27,0,0,0,3,0,1,-91,-91,-91,-91,-91
CryptoManager.coreAesInit is called: iv=-95,-119,-95,-32,-30,114,66,-90,37,-114,-11,-123,-47,40,-113,65, hardware_version=3, firmware_version=0, serial_number=27
CryptoManager.coreAesEncrypt is called: data=1,0,67,0,27,0,0,0,3,0,1,0,24,0,0,-91
CryptoManager.coreAesEncrypt result=-14,25,-45,-72,-27,82,118,9,81,50,1,77,40,66,-103,30
CryptoManager.coreAesEncrypt is called: data=1,0,67,0,27,0,0,0,3,0,1,0,24,0,5,-91
CryptoManager.coreAesEncrypt result=-121,9,93,113,3,51,117,-19,-62,-1,-76,58,21,58,-89,-51
CryptoManager.coreAesInit is called: iv=-60,-29,60,98,79,75,-83,79,18,112,-80,-81,85,-61,-52,102, hardware_version=1538, firmware_version=520, serial_number=17102
CryptoManager.coreAesEncrypt is called: data=1,0,67,0,27,0,0,0,3,0,1,0,24,0,100,-91
CryptoManager.coreAesEncrypt result=2,-37,-62,54,117,84,-57,105,4,-93,1,-83,34,100,-116,59
CryptoManager.coreAesEncrypt is called: data=-31,-84,-108,-103,112,47,-115,-88,91,102,-40,-31,-103,120,53,99
CryptoManager.coreAesEncrypt result=5,0,67,0,27,0,0,0,3,0,1,-91,-91,-91,-91,-91
CryptoManager.coreAesEncrypt is called: data=1,0,67,0,27,0,0,0,3,0,1,0,25,0,20,-91
CryptoManager.coreAesEncrypt result=-52,10,37,-60,-114,-119,36,64,-93,-66,-55,-84,65,-56,-63,19
CryptoManager.coreAesEncrypt is called: data=72,-27,49,113,34,-109,-32,-83,-14,-33,61,18,-123,103,21,28
CryptoManager.coreAesEncrypt result=5,0,67,0,27,0,0,0,3,0,1,-91,-91,-91,-91,-91
CryptoManager.coreAesEncrypt is called: data=1,0,67,0,27,0,0,0,3,0,1,0,25,0,10,-91
CryptoManager.coreAesEncrypt result=41,-26,44,52,121,15,-7,-119,-25,43,103,-77,58,118,-47,97
CryptoManager.coreAesEncrypt is called: data=-97,92,-105,-95,89,-8,-128,-102,127,-96,23,99,19,30,46,85
CryptoManager.coreAesEncrypt result=5,0,67,0,27,0,0,0,3,0,1,-91,-91,-91,-91,-91
CryptoManager.coreAesEncrypt is called: data=1,0,67,0,27,0,0,0,3,0,1,0,25,0,5,-91
CryptoManager.coreAesEncrypt result=-43,43,-58,125,-115,0,80,-90,40,-115,-4,109,68,-95,-12,102
CryptoManager.coreAesEncrypt is called: data=47,41,72,124,-3,-23,1,89,-107,120,-64,-75,-48,-4,-34,-72
CryptoManager.coreAesEncrypt result=5,0,67,0,27,0,0,0,3,0,1,-91,-91,-91,-91,-91
CryptoManager.coreAesEncrypt is called: data=1,0,67,0,27,0,0,0,3,0,1,0,25,0,0,-91
CryptoManager.coreAesEncrypt result=-124,120,-113,-12,63,-2,68,-7,-27,-93,9,45,-25,113,120,-65
CryptoManager.coreAesEncrypt is called: data=119,70,-60,105,-97,-49,49,-27,19,-120,45,93,32,-70,-9,113
CryptoManager.coreAesEncrypt result=5,0,67,0,27,0,0,0,3,0,1,-91,-91,-91,-91,-91
CryptoManager.coreAesInit is called: iv=116,-52,-121,-128,-105,-98,71,24,-103,-2,112,47,-35,80,81,37, hardware_version=1538, firmware_version=520, serial_number=17102
CryptoManager.coreAesEncrypt is called: data=1,0,67,0,27,0,0,0,3,0,1,0,25,0,0,-91
CryptoManager.coreAesEncrypt result=0,-64,-18,-43,94,-58,-27,-9,114,-101,-37,92,-113,-48,108,64
CryptoManager.coreAesEncrypt is called: data=30,82,-107,9,-15,-39,13,39,-128,-126,59,20,-20,-45,58,-9
CryptoManager.coreAesEncrypt result=5,0,67,0,27,0,0,0,3,0,1,-91,-91,-91,-91,-91
CryptoManager.coreAesEncrypt is called: data=1,0,67,0,27,0,0,0,3,0,1,0,25,0,5,-91
CryptoManager.coreAesEncrypt result=112,-57,75,97,-94,64,-92,-68,28,-121,-53,-113,68,100,-111,-26
CryptoManager.coreAesEncrypt is called: data=-67,-46,-1,59,-96,49,41,82,-37,7,-31,29,-80,15,-119,-14
CryptoManager.coreAesEncrypt result=5,0,67,0,27,0,0,0,3,0,1,-91,-91,-91,-91,-91
CryptoManager.coreAesEncrypt is called: data=1,0,67,0,27,0,0,0,3,0,1,0,25,0,20,-91
CryptoManager.coreAesEncrypt result=6,-20,-39,54,-57,15,27,-71,-41,-96,-47,59,8,63,-61,87
CryptoManager.coreAesEncrypt is called: data=85,106,-90,70,106,-94,-26,21,60,54,-121,-23,116,110,32,-4
CryptoManager.coreAesEncrypt result=5,0,67,0,27,0,0,0,3,0,1,-91,-91,-91,-91,-91
CryptoManager.coreAesEncrypt is called: data=1,0,67,0,27,0,0,0,3,0,1,0,25,0,25,-91
CryptoManager.coreAesEncrypt result=80,-88,-55,-122,43,67,-110,38,-110,-112,110,-55,122,45,-33,4
CryptoManager.coreAesEncrypt is called: data=28,-69,118,-12,-111,94,-37,10,-101,42,14,106,41,-80,-6,40
CryptoManager.coreAesEncrypt result=5,0,67,0,27,0,0,0,3,0,1,-91,-91,-91,-91,-91
CryptoManager.coreAesEncrypt is called: data=1,0,67,0,27,0,0,0,3,0,1,0,25,0,35,-91
CryptoManager.coreAesEncrypt result=51,-30,24,-62,1,45,-4,-104,-12,23,96,67,85,23,88,-100
CryptoManager.coreAesEncrypt is called: data=-66,-124,122,-62,-99,-128,-51,-81,-117,70,-41,-44,-21,75,-27,45
CryptoManager.coreAesEncrypt result=5,0,67,0,27,0,0,0,3,0,1,-91,-91,-91,-91,-91
CryptoManager.coreAesEncrypt is called: data=1,0,67,0,27,0,0,0,3,0,1,0,25,0,45,-91
CryptoManager.coreAesEncrypt result=38,124,5,90,-14,6,31,-103,39,-63,-32,-117,-92,-96,-14,99
CryptoManager.coreAesEncrypt is called: data=-49,-48,50,75,-118,29,83,10,61,-109,-83,44,8,-36,-126,-101
CryptoManager.coreAesEncrypt result=5,0,67,0,27,0,0,0,3,0,1,-91,-91,-91,-91,-91
CryptoManager.coreAesEncrypt is called: data=1,0,67,0,27,0,0,0,3,0,1,0,25,0,60,-91
CryptoManager.coreAesEncrypt result=57,-45,31,-16,-82,-38,8,-68,-97,-46,-73,76,70,-23,55,-95
CryptoManager.coreAesEncrypt is called: data=-105,-82,72,17,64,-107,112,34,-48,-75,127,54,29,46,77,107
CryptoManager.coreAesEncrypt result=5,0,67,0,27,0,0,0,3,0,1,-91,-91,-91,-91,-91
CryptoManager.coreAesEncrypt is called: data=1,0,67,0,27,0,0,0,3,0,1,0,25,0,65,-91
CryptoManager.coreAesEncrypt result=25,76,27,-34,-60,-32,-33,-99,-44,9,65,27,-102,-2,31,-51
CryptoManager.coreAesEncrypt is called: data=-61,105,27,35,-101,0,85,-86,99,25,-89,-17,73,-125,70,-115
CryptoManager.coreAesEncrypt result=5,0,67,0,27,0,0,0,3,0,1,-91,-91,-91,-91,-91
CryptoManager.coreAesEncrypt is called: data=1,0,67,0,27,0,0,0,3,0,1,0,25,0,70,-91
CryptoManager.coreAesEncrypt result=-8,-108,-7,-43,-68,19,-7,-8,-10,52,-32,-81,5,6,30,-85
CryptoManager.coreAesEncrypt is called: data=124,-30,42,-17,40,104,-29,-80,94,8,58,31,-106,-30,16,69
CryptoManager.coreAesEncrypt result=5,0,67,0,27,0,0,0,3,0,1,-91,-91,-91,-91,-91
CryptoManager.coreAesInit is called: iv=-98,-63,-58,70,24,-114,44,-43,-72,54,-53,2,-72,-5,87,-82, hardware_version=3, firmware_version=0, serial_number=27
CryptoManager.coreAesEncrypt is called: data=1,0,67,0,27,0,0,0,3,0,1,0,25,0,100,-91
CryptoManager.coreAesEncrypt result=108,-38,-102,-75,-28,15,97,-13,31,113,92,104,88,-96,21,32
CryptoManager.coreAesEncrypt is called: data=1,0,67,0,27,0,0,0,3,0,1,0,48,0,90,-91
CryptoManager.coreAesEncrypt result=71,-74,37,-9,-108,-85,-90,15,12,111,-3,62,-26,-63,28,-120
CryptoManager.coreAesInit is called: iv=54,-14,103,-27,29,-64,-80,102,102,-57,123,30,71,14,-72,-80, hardware_version=1538, firmware_version=520, serial_number=17102
CryptoManager.coreAesEncrypt is called: data=1,0,67,0,27,0,0,0,3,0,1,0,48,0,82,-91
CryptoManager.coreAesEncrypt result=-13,-63,-28,-120,-100,-50,79,-128,-120,-54,-85,122,-98,-11,36,-80
CryptoManager.coreAesEncrypt is called: data=-75,84,-68,-2,-16,-12,-69,46,118,-27,33,-122,-47,75,7,-22
CryptoManager.coreAesEncrypt result=5,0,67,0,27,0,0,0,3,0,1,-91,-91,-91,-91,-91
CryptoManager.coreAesEncrypt is called: data=1,0,67,0,27,0,0,0,3,0,1,0,48,0,75,-91
CryptoManager.coreAesEncrypt result=13,34,114,-65,15,-57,87,-8,-97,76,16,20,15,-71,-4,-118
CryptoManager.coreAesEncrypt is called: data=39,-58,-12,-9,-19,-109,-21,60,53,18,109,110,-70,65,63,-75
CryptoManager.coreAesEncrypt result=5,0,67,0,27,0,0,0,3,0,1,-91,-91,-91,-91,-91
CryptoManager.coreAesEncrypt is called: data=1,0,67,0,27,0,0,0,3,0,1,0,48,0,70,-91
CryptoManager.coreAesEncrypt result=82,-54,18,84,-72,43,-121,-103,98,-123,-63,95,-37,-11,92,-126
CryptoManager.coreAesEncrypt is called: data=1,0,67,0,27,0,0,0,3,0,1,0,48,0,60,-91
CryptoManager.coreAesEncrypt result=-100,-74,106,41,-100,-28,-108,116,54,102,96,74,100,-40,-93,-82
CryptoManager.coreAesInit is called: iv=-94,-114,-58,77,-67,28,92,-58,16,90,-42,-113,39,27,62,-88, hardware_version=1538, firmware_version=520, serial_number=17102
CryptoManager.coreAesEncrypt is called: data=1,0,67,0,27,0,0,0,3,0,1,0,48,0,48,-91
CryptoManager.coreAesEncrypt result=41,-44,40,-28,-99,-33,18,127,-88,94,-1,25,-56,27,-14,-123
CryptoManager.coreAesEncrypt is called: data=16,-42,13,-45,114,-106,71,47,75,-77,4,-50,-89,-23,78,2
CryptoManager.coreAesEncrypt result=5,0,67,0,27,0,0,0,3,0,1,-91,-91,-91,-91,-91
CryptoManager.coreAesEncrypt is called: data=1,0,67,0,27,0,0,0,3,0,1,0,48,0,35,-91
CryptoManager.coreAesEncrypt result=-1,-113,-51,53,87,105,-6,105,-123,-42,-71,-29,114,-21,-100,113
CryptoManager.coreAesEncrypt is called: data=13,-68,-87,124,-120,85,18,-77,-36,-101,87,25,68,-112,-67,-49
CryptoManager.coreAesEncrypt result=5,0,67,0,27,0,0,0,3,0,1,-91,-91,-91,-91,-91
CryptoManager.coreAesInit is called: iv=-50,-28,-35,-8,119,20,64,54,-74,93,46,-26,-26,-1,-98,101, hardware_version=3, firmware_version=0, serial_number=27
CryptoManager.coreAesEncrypt is called: data=1,0,67,0,27,0,0,0,3,0,1,0,48,0,30,-91
CryptoManager.coreAesEncrypt result=-8,27,55,98,20,-121,-110,107,82,-53,93,0,-23,107,-82,-101
CryptoManager.coreAesInit is called: iv=-34,-66,120,100,78,49,61,-54,-1,44,-100,92,94,-4,37,-38, hardware_version=1538, firmware_version=520, serial_number=17102
CryptoManager.coreAesEncrypt is called: data=1,0,67,0,27,0,0,0,3,0,1,0,48,0,15,-91
CryptoManager.coreAesEncrypt result=70,-96,-91,118,-66,113,-64,-116,-97,-37,-10,-10,-83,125,-105,100
CryptoManager.coreAesEncrypt is called: data=72,89,3,-110,-51,-61,29,107,43,58,89,64,-9,62,43,-121
CryptoManager.coreAesEncrypt result=5,0,67,0,27,0,0,0,3,0,1,-91,-91,-91,-91,-91
CryptoManager.coreAesEncrypt is called: data=1,0,67,0,27,0,0,0,3,0,1,0,48,0,0,-91
CryptoManager.coreAesEncrypt result=-100,11,109,-117,-50,59,-27,86,111,101,-32,-66,-71,34,-20,53
CryptoManager.coreAesEncrypt is called: data=46,-10,97,-11,2,-68,28,-88,-71,-5,39,44,-9,38,84,-35
CryptoManager.coreAesEncrypt result=5,0,67,0,27,0,0,0,3,0,1,-91,-91,-91,-91,-91
CryptoManager.coreAesInit is called: iv=-80,1,-16,11,124,38,46,50,121,95,97,76,-4,66,-124,100, hardware_version=3, firmware_version=0, serial_number=27
CryptoManager.coreAesEncrypt is called: data=1,0,67,0,27,0,0,0,3,0,1,0,48,0,0,-91
CryptoManager.coreAesEncrypt result=-112,19,117,-101,-128,61,78,82,-24,-62,-98,-73,-95,74,-23,13
CryptoManager.coreAesInit is called: iv=85,96,-2,35,58,-22,79,74,120,101,63,-113,-94,99,103,-54, hardware_version=1538, firmware_version=520, serial_number=17102
CryptoManager.coreAesEncrypt is called: data=1,0,67,0,27,0,0,0,3,0,1,0,48,0,100,-91
CryptoManager.coreAesEncrypt result=10,21,94,80,-28,63,114,86,-34,89,-124,-89,-5,-93,116,-78
CryptoManager.coreAesEncrypt is called: data=-95,-33,-7,-22,-82,-73,-58,14,-64,-57,91,26,109,-31,72,-36
CryptoManager.coreAesEncrypt result=5,0,67,0,27,0,0,0,3,0,1,-91,-91,-91,-91,-91