CryptoManager.coreAesInit is called: iv=7,-111,-102,41,56,120,-84,101,108,-36,92,-102,85,-7,-119,76, hardware_version=1538, firmware_version=520, serial_number=17102
CryptoManager.coreAesEncrypt is called: data=7,0,-128,8,0,0,0,0,-56,-91,-91,-91,-91,-91,-91,-91
CryptoManager.coreAesEncrypt result=-126,127,-59,126,-98,-33,9,-125,92,105,74,38,-72,-73,97,-103
CryptoManager.coreAesEncrypt is called: data=-75,18,-63,109,-94,35,-58,-87,-93,-79,78,-36,-25,55,110,56
CryptoManager.coreAesEncrypt result=7,0,-128,0,0,0,108,0,-56,-91,-91,-91,-91,-91,-91,-91

CryptoManager.coreAesEncrypt is called: data=9,0,-127,0,0,0,0,-91,-91,-91,-91,-91,-91,-91,-91,-91
CryptoManager.coreAesEncrypt result=-50,70,-122,-68,-71,9,-23,46,-69,-74,-125,116,84,-40,72,-43
CryptoManager.coreAesEncrypt is called: data=29,96,50,-102,-23,44,-67,-76,-92,-103,-102,-89,4,13,-38,20,-36,-92,104,-120,-27,-47,-102,43,126,-6,105,-55,55,-127,35,-117,-122,110,-114,-55,37,-25,-38,41,34,43,-76,103,2,61,111,4,27,108,-20,10,-15,30,-16,-47,127,111,-21,67,-4,84,-40,49,15,-126,-122,-119,52,52,-45,90,-27,53,-105,76,-59,-83,-81,6,-3,-101,50,-39,5,123,74,51,-111,53,-101,44,-76,-82,45,-12,65,88,119,93,60,58,-79,93,22,-92,98,43,29,-6,31,103,-80,8,66,47,-79,61,-67,-88,-121,-103,-121,62,-38,-11,-92,39
CryptoManager.coreAesEncrypt result=15,0,-127,0,108,68,65,84,50,12,0,1,0,2,6,36,2,8,2,-50,66,32,0,2,0,54,0,34,0,5,81,51,48,54,53,48,55,54,-95,-111,24,-54,88,64,4,-1,0,-1,0,-1,0,-1,0,8,0,3,0,-128,0,1,0,24,0,4,0,3,0,29,0,1,0,7,0,36,0,5,0,7,0,27,0,1,0,7,0,24,0,5,0,3,0,27,0,3,0,1,0,29,0,3,0,1,0,36,0,3,0,1,0,-1,-1,-14,-72,-91,-91,-91,-91,-91,-91,-91,-91,-91,-91,-91,-91,-91,-91,-91


CryptoManager.coreAesEncrypt is called: data=13,0,-126,-91,-91,-91,-91,-91,-91,-91,-91,-91,-91,-91,-91,-91
CryptoManager.coreAesEncrypt result=-34,109,92,-83,37,-117,-64,-103,-99,-13,47,-116,99,92,112,-94
CryptoManager.coreAesEncrypt is called: data=0,-90,102,-79,8,97,14,51,12,-1,106,93,27,-75,51,-125
CryptoManager.coreAesEncrypt result=13,0,-126,-91,-91,-91,-91,-91,-91,-91,-91,-91,-91,-91,-91,-91


CryptoManager.coreAesEncrypt is called: data=13,0,58,-91,-91,-91,-91,-91,-91,-91,-91,-91,-91,-91,-91,-91
CryptoManager.coreAesEncrypt result=17,41,102,-63,18,58,-48,-39,22,8,-96,-118,-54,-91,-124,-118
CryptoManager.coreAesEncrypt is called: data=37,-63,-58,-54,37,59,74,106,107,-63,-2,32,122,40,98,-12,-94,0,21,123,-14,-96,123,-16,20,-101,26,-89,-4,82,49,-61
CryptoManager.coreAesEncrypt result=15,0,58,0,3,0,1,0,0,0,2,0,0,0,3,0,1,-91,-91,-91,-91,-91,-91,-91,-91,-91,-91,-91,-91,-91,-91,-91


CryptoManager.coreAesInit is called: iv=90,38,-73,-18,-95,-23,105,-29,-7,86,-32,-80,-111,-67,-96,113, hardware_version=1538, firmware_version=520, serial_number=17102
CryptoManager.coreAesEncrypt is called: data=7,0,-128,8,0,0,0,0,-56,-91,-91,-91,-91,-91,-91,-91
CryptoManager.coreAesEncrypt result=119,-60,-103,-71,18,5,-128,-74,94,-34,110,-123,101,103,30,-95
CryptoManager.coreAesEncrypt is called: data=-22,-39,-46,103,-110,-110,-118,-58,-93,44,111,62,100,-82,-56,116
CryptoManager.coreAesEncrypt result=7,0,-128,0,0,0,108,0,-56,-91,-91,-91,-91,-91,-91,-91


CryptoManager.coreAesEncrypt is called: data=9,0,-127,0,0,0,0,-91,-91,-91,-91,-91,-91,-91,-91,-91
CryptoManager.coreAesEncrypt result=-97,-60,-33,127,71,-93,78,-118,62,-29,95,77,64,-18,-40,-61
CryptoManager.coreAesEncrypt is called: data=78,-31,-19,16,63,-7,53,66,-68,-48,-41,73,-66,103,104,69,89,34,72,-120,-69,-74,-103,-47,31,32,98,123,-75,-114,-90,3,-23,-76,-99,-90,17,-117,90,17,-69,-54,75,-20,120,-50,14,-32,58,40,85,-113,-100,56,101,-2,91,-15,100,48,86,-96,-15,78,54,6,116,-21,-85,19,-51,-89,6,45,-4,-50,-11,89,43,77,83,68,122,63,-37,29,98,34,-68,-41,-16,-6,59,21,-118,32,17,-57,-73,-20,-104,-47,74,46,121,101,61,75,-117,-16,-91,-43,46,101,-17,68,-83,101,100,101,87,28,89,-53,-38,-53,-57,-37
CryptoManager.coreAesEncrypt result=15,0,-127,0,108,68,65,84,50,12,0,1,0,2,6,36,2,8,2,-50,66,32,0,2,0,54,0,34,0,5,81,51,48,54,53,48,55,54,-95,-111,24,-54,88,64,4,-1,0,-1,0,-1,0,-1,0,8,0,3,0,-128,0,1,0,24,0,4,0,3,0,29,0,1,0,7,0,36,0,5,0,7,0,27,0,1,0,7,0,24,0,5,0,3,0,27,0,3,0,1,0,29,0,3,0,1,0,36,0,3,0,1,0,-1,-1,-14,-72,-91,-91,-91,-91,-91,-91,-91,-91,-91,-91,-91,-91,-91,-91,-91


CryptoManager.coreAesEncrypt is called: data=13,0,-126,-91,-91,-91,-91,-91,-91,-91,-91,-91,-91,-91,-91,-91
CryptoManager.coreAesEncrypt result=113,-73,63,43,-81,-4,12,-88,19,-55,-50,-20,99,35,127,106
CryptoManager.coreAesEncrypt is called: data=-77,4,-13,-124,-56,65,87,-117,59,-98,78,-31,1,-31,-95,-13
CryptoManager.coreAesEncrypt result=13,0,-126,-91,-91,-91,-91,-91,-91,-91,-91,-91,-91,-91,-91,-91


CryptoManager.coreAesInit is called: iv=118,32,1,6,66,70,84,23,90,-24,122,-17,-8,1,-107,-48, hardware_version=1538, firmware_version=520, serial_number=17102
CryptoManager.coreAesEncrypt is called: data=7,0,-128,8,0,0,0,0,-56,-91,-91,-91,-91,-91,-91,-91
CryptoManager.coreAesEncrypt result=-96,-93,-80,-33,117,-32,6,18,91,-96,86,31,59,-128,78,91
CryptoManager.coreAesEncrypt is called: data=102,14,-8,-23,62,121,-103,115,-4,-6,27,-12,105,19,-23,-1
CryptoManager.coreAesEncrypt result=7,0,-128,0,0,0,108,0,-56,-91,-91,-91,-91,-91,-91,-91


CryptoManager.coreAesEncrypt is called: data=9,0,-127,0,0,0,0,-91,-91,-91,-91,-91,-91,-91,-91,-91
CryptoManager.coreAesEncrypt result=17,-94,-67,-40,3,-112,-5,-65,121,19,37,-27,-5,-35,98,60
CryptoManager.coreAesEncrypt is called: data=-128,-102,-66,-5,3,-54,97,-9,64,-43,54,-60,86,94,16,106,-41,122,84,104,50,-2,-57,-30,-103,28,5,25,-34,117,89,35,71,119,19,71,-34,-44,-12,65,40,-87,-35,-58,-57,43,-84,-12,126,-23,109,-125,22,-120,2,59,19,120,-92,-18,-28,-118,-61,9,-52,-128,-79,-126,-49,-97,-43,-7,-83,106,120,63,-124,-23,-80,60,99,18,87,-89,81,24,-125,7,-56,43,-86,70,85,-75,83,44,-122,48,66,109,25,-56,-73,-25,46,111,2,-6,110,8,-93,-94,-69,111,-3,-128,122,-29,9,-49,120,95,12,-101,-2,73,-113,-92
CryptoManager.coreAesEncrypt result=15,0,-127,0,108,68,65,84,50,12,0,1,0,2,6,36,2,8,2,-50,66,32,0,2,0,54,0,34,0,5,81,51,48,54,53,48,55,54,-95,-111,24,-54,88,64,4,-1,0,-1,0,-1,0,-1,0,8,0,3,0,-128,0,1,0,24,0,4,0,3,0,29,0,1,0,7,0,36,0,5,0,7,0,27,0,1,0,7,0,24,0,5,0,3,0,27,0,3,0,1,0,29,0,3,0,1,0,36,0,3,0,1,0,-1,-1,-14,-72,-91,-91,-91,-91,-91,-91,-91,-91,-91,-91,-91,-91,-91,-91,-91


CryptoManager.coreAesEncrypt is called: data=13,0,-126,-91,-91,-91,-91,-91,-91,-91,-91,-91,-91,-91,-91,-91
CryptoManager.coreAesEncrypt result=25,98,-92,123,40,6,54,-73,14,116,-104,-110,37,-50,-79,103
CryptoManager.coreAesEncrypt is called: data=13,-127,-24,-119,-116,62,-100,107,88,105,-43,-51,124,-29,-21,48
CryptoManager.coreAesEncrypt result=13,0,-126,-91,-91,-91,-91,-91,-91,-91,-91,-91,-91,-91,-91,-91


CryptoManager.coreAesInit is called: iv=23,-65,-2,126,-89,-56,99,-49,-67,101,-43,14,-7,48,-108,-85, hardware_version=1538, firmware_version=520, serial_number=17102
CryptoManager.coreAesEncrypt is called: data=7,0,-128,8,0,0,0,0,-56,-91,-91,-91,-91,-91,-91,-91
CryptoManager.coreAesEncrypt result=37,-8,-94,-37,-72,-37,-30,78,74,-16,-126,38,-105,-37,-3,53
CryptoManager.coreAesEncrypt is called: data=-128,-68,-52,101,-18,15,-8,-114,64,-4,17,-61,-79,93,2,-105
CryptoManager.coreAesEncrypt result=7,0,-128,0,0,0,108,0,-56,-91,-91,-91,-91,-91,-91,-91


CryptoManager.coreAesEncrypt is called: data=9,0,-127,0,0,0,0,-91,-91,-91,-91,-91,-91,-91,-91,-91
CryptoManager.coreAesEncrypt result=-53,29,109,49,-24,-87,-104,-20,29,-122,-89,-66,-75,-70,-105,60
CryptoManager.coreAesEncrypt is called: data=90,119,61,-19,-86,46,-27,29,58,-27,45,72,-63,51,113,100,-83,-65,-67,-15,-84,0,-18,56,-46,55,34,-3,-69,35,-126,84,-9,-119,-30,34,67,20,-90,-29,-126,-106,27,-12,-125,127,90,-49,-112,68,77,-109,99,-49,91,65,-35,124,-32,-37,-96,-90,127,66,74,33,-46,99,-72,-110,112,43,76,-50,11,82,-111,-91,-99,-72,99,45,-126,-107,-117,44,52,-97,-117,-109,-99,-85,126,-99,117,-6,112,-35,103,85,-105,-16,119,-126,-2,-99,-89,115,-5,108,36,21,119,64,-80,79,-46,-37,-102,64,-123,57,-4,-22,122,-5,-91,-35
CryptoManager.coreAesEncrypt result=15,0,-127,0,108,68,65,84,50,12,0,1,0,2,6,36,2,8,2,-50,66,32,0,2,0,54,0,34,0,5,81,51,48,54,53,48,55,54,-95,-111,24,-54,88,64,4,-1,0,-1,0,-1,0,-1,0,8,0,3,0,-128,0,1,0,24,0,4,0,3,0,29,0,1,0,7,0,36,0,5,0,7,0,27,0,1,0,7,0,24,0,5,0,3,0,27,0,3,0,1,0,29,0,3,0,1,0,36,0,3,0,1,0,-1,-1,-14,-72,-91,-91,-91,-91,-91,-91,-91,-91,-91,-91,-91,-91,-91,-91,-91


CryptoManager.coreAesEncrypt is called: data=13,0,-126,-91,-91,-91,-91,-91,-91,-91,-91,-91,-91,-91,-91,-91
CryptoManager.coreAesEncrypt result=43,-40,41,105,-116,-118,101,-20,-105,6,-18,31,28,-110,-23,120
CryptoManager.coreAesEncrypt is called: data=-33,88,-52,32,-80,-34,68,38,-89,-15,95,102,51,-19,45,107
CryptoManager.coreAesEncrypt result=13,0,-126,-91,-91,-91,-91,-91,-91,-91,-91,-91,-91,-91,-91,-91


CryptoManager.coreAesInit is called: iv=30,110,-93,46,43,-53,-93,-86,68,-7,107,57,-27,4,30,33, hardware_version=1538, firmware_version=520, serial_number=17102
CryptoManager.coreAesEncrypt is called: data=7,0,-128,8,0,0,0,0,-56,-91,-91,-91,-91,-91,-91,-91
CryptoManager.coreAesEncrypt result=-96,-100,-18,-109,50,-116,-109,-85,-5,-35,40,-107,63,98,-119,38
CryptoManager.coreAesEncrypt is called: data=50,35,-62,62,121,53,51,71,51,69,101,4,-41,66,82,-63
CryptoManager.coreAesEncrypt result=7,0,-128,0,0,0,108,0,-56,-91,-91,-91,-91,-91,-91,-91


CryptoManager.coreAesEncrypt is called: data=9,0,-127,0,0,0,0,-91,-91,-91,-91,-91,-91,-91,-91,-91
CryptoManager.coreAesEncrypt result=27,28,63,-5,-101,53,17,40,-101,-87,17,68,92,97,68,6
CryptoManager.coreAesEncrypt is called: data=-14,47,48,102,-5,106,58,-38,-12,-20,-9,-87,-120,113,21,54,-31,-41,19,-16,22,34,-58,-14,107,-112,95,78,-19,107,-123,-27,-69,-122,-101,66,-99,-10,-50,-79,40,74,19,101,-74,-6,98,-28,-54,83,-64,85,64,-34,33,-97,46,-71,-50,-101,19,-80,55,-126,-43,28,17,-101,105,38,100,84,-16,-51,-6,43,9,-7,126,-80,22,6,68,119,127,-102,-77,-38,-104,-76,40,91,85,2,-54,-95,4,110,-71,37,6,83,113,105,-62,-118,-49,-7,44,99,49,124,86,-23,45,61,85,98,46,-42,30,-79,127,-12,-102,-61,38,-21
CryptoManager.coreAesEncrypt result=15,0,-127,0,108,68,65,84,50,12,0,1,0,2,6,36,2,8,2,-50,66,32,0,2,0,54,0,34,0,5,81,51,48,54,53,48,55,54,-95,-111,24,-54,88,64,4,-1,0,-1,0,-1,0,-1,0,8,0,3,0,-128,0,1,0,24,0,4,0,3,0,29,0,1,0,7,0,36,0,5,0,7,0,27,0,1,0,7,0,24,0,5,0,3,0,27,0,3,0,1,0,29,0,3,0,1,0,36,0,3,0,1,0,-1,-1,-14,-72,-91,-91,-91,-91,-91,-91,-91,-91,-91,-91,-91,-91,-91,-91,-91



CryptoManager.coreAesEncrypt is called: data=13,0,-126,-91,-91,-91,-91,-91,-91,-91,-91,-91,-91,-91,-91,-91
CryptoManager.coreAesEncrypt result=102,-103,-117,80,-56,-124,42,-70,87,127,-69,-125,-112,-116,41,122
CryptoManager.coreAesEncrypt is called: data=69,-47,-49,77,-43,96,-11,117,-112,127,31,89,26,124,-62,-1
CryptoManager.coreAesEncrypt result=13,0,-126,-91,-91,-91,-91,-91,-91,-91,-91,-91,-91,-91,-91,-91



CryptoManager.coreAesInit is called: iv=-47,-98,13,107,-110,-40,-63,-8,0,1,66,-50,2,8,6,2, hardware_version=1538, firmware_version=520, serial_number=17102
CryptoManager.coreAesEncrypt is called: data=7,0,-128,8,0,0,0,0,-56,-91,-91,-91,-91,-91,-91,-91
CryptoManager.coreAesEncrypt result=80,-107,39,24,-116,-110,81,-68,-41,113,-127,82,40,-8,46,-102
CryptoManager.coreAesInit is called: iv=77,-35,27,-101,18,-117,-25,70,-40,-42,4,113,57,61,-63,18, hardware_version=1538, firmware_version=520, serial_number=17102
CryptoManager.coreAesInit is called: iv=113,60,-102,19,-103,-81,102,15,59,78,-126,12,11,92,85,-59, hardware_version=1538, firmware_version=520, serial_number=17102


CryptoManager.coreAesEncrypt is called: data=7,0,-128,8,0,0,0,0,-56,-91,-91,-91,-91,-91,-91,-91
CryptoManager.coreAesEncrypt result=88,-81,28,-96,-49,85,-50,-77,9,-28,113,-73,62,37,30,-85
CryptoManager.coreAesEncrypt is called: data=-63,-17,29,1,79,-1,-43,66,7,29,-88,80,-8,-67,92,49
CryptoManager.coreAesEncrypt result=7,0,-128,0,0,0,108,0,-56,-91,-91,-91,-91,-91,-91,-91


CryptoManager.coreAesEncrypt is called: data=9,0,-127,0,0,0,0,-91,-91,-91,-91,-91,-91,-91,-91,-91
CryptoManager.coreAesEncrypt result=95,112,-18,73,69,117,108,46,-2,94,-37,-55,-22,-45,115,-67
CryptoManager.coreAesEncrypt is called: data=80,-126,73,-38,51,-10,-41,-49,-58,-60,-48,114,45,48,91,-52,103,64,-3,-87,57,-58,-117,95,101,-122,-65,95,71,65,83,119,74,97,-23,7,-52,107,17,-61,40,48,15,35,-79,59,-9,-14,-6,-106,20,-67,-11,52,-26,-85,-73,-80,92,121,-99,-86,113,53,85,59,79,-65,-77,24,-17,-63,-58,-80,103,-47,-47,-72,-94,-50,76,87,-56,-16,-65,86,104,107,-126,78,-17,11,-44,-29,-55,-87,-95,79,107,26,78,53,-100,-71,0,127,-83,-20,-115,-121,49,5,122,102,120,-28,55,93,86,52,-36,-90,9,-1,-14,-115,19,-40
CryptoManager.coreAesEncrypt result=15,0,-127,0,108,68,65,84,50,12,0,1,0,2,6,36,2,8,2,-50,66,32,0,2,0,54,0,34,0,5,81,51,48,54,53,48,55,54,-95,-111,24,-54,88,64,4,-1,0,-1,0,-1,0,-1,0,8,0,3,0,-128,0,1,0,24,0,4,0,3,0,29,0,1,0,7,0,36,0,5,0,7,0,27,0,1,0,7,0,24,0,5,0,3,0,27,0,3,0,1,0,29,0,3,0,1,0,36,0,3,0,1,0,-1,-1,-14,-72,-91,-91,-91,-91,-91,-91,-91,-91,-91,-91,-91,-91,-91,-91,-91


CryptoManager.coreAesEncrypt is called: data=13,0,-126,-91,-91,-91,-91,-91,-91,-91,-91,-91,-91,-91,-91,-91
CryptoManager.coreAesEncrypt result=-118,-101,-63,-120,24,-103,-28,-41,-27,-120,-18,-66,-113,27,-70,97
CryptoManager.coreAesEncrypt is called: data=54,59,124,58,9,-113,-51,107,92,65,100,-97,-50,111,127,31
CryptoManager.coreAesEncrypt result=13,0,-126,-91,-91,-91,-91,-91,-91,-91,-91,-91,-91,-91,-91,-91


CryptoManager.coreAesInit is called: iv=-62,-62,6,-128,35,-54,48,71,43,-120,-31,-98,-35,49,113,73, hardware_version=1538, firmware_version=520, serial_number=17102
CryptoManager.coreAesEncrypt is called: data=7,0,-128,8,0,0,0,0,-56,-91,-91,-91,-91,-91,-91,-91
CryptoManager.coreAesEncrypt result=36,41,-52,53,-7,88,-9,79,95,-21,-47,66,4,111,118,17
CryptoManager.coreAesEncrypt is called: data=-14,-73,-39,-105,-22,92,-17,-19,58,-46,16,-10,-7,119,66,112
CryptoManager.coreAesEncrypt result=7,0,-128,0,0,0,108,0,-56,-91,-91,-91,-91,-91,-91,-91


CryptoManager.coreAesEncrypt is called: data=9,0,-127,0,0,0,0,-91,-91,-91,-91,-91,-91,-91,-91,-91
CryptoManager.coreAesEncrypt result=-96,-113,-81,-104,-79,111,37,83,65,-1,123,-86,-99,-66,-47,127
CryptoManager.coreAesEncrypt is called: data=112,-6,-51,50,35,112,98,-10,-119,28,53,-48,-57,104,-97,-47,-88,-112,109,-64,75,-76,39,-74,-27,97,-19,53,-108,121,-25,75,-36,-74,20,11,-35,-30,-52,-63,46,113,-72,-78,-14,66,10,107,-126,118,19,115,-70,-95,-124,-30,-90,-29,50,-3,93,87,-79,-61,19,110,-126,19,-52,-28,-115,-42,-45,-5,-98,127,92,102,-93,-81,-41,18,-47,-9,-125,-13,-124,43,72,64,4,-102,-33,-16,110,126,57,-17,-66,91,99,114,122,-58,-55,109,-45,-68,-47,-56,-73,-15,97,-28,120,84,39,66,-64,-56,-34,-118,64,-5,-7,-101,-120,104
CryptoManager.coreAesEncrypt result=15,0,-127,0,108,68,65,84,50,12,0,1,0,2,6,36,2,8,2,-50,66,32,0,2,0,54,0,34,0,5,81,51,48,54,53,48,55,54,-95,-111,24,-54,88,64,4,-1,0,-1,0,-1,0,-1,0,8,0,3,0,-128,0,1,0,24,0,4,0,3,0,29,0,1,0,7,0,36,0,5,0,7,0,27,0,1,0,7,0,24,0,5,0,3,0,27,0,3,0,1,0,29,0,3,0,1,0,36,0,3,0,1,0,-1,-1,-14,-72,-91,-91,-91,-91,-91,-91,-91,-91,-91,-91,-91,-91,-91,-91,-91


CryptoManager.coreAesEncrypt is called: data=13,0,-126,-91,-91,-91,-91,-91,-91,-91,-91,-91,-91,-91,-91,-91
CryptoManager.coreAesEncrypt result=-30,-110,-121,10,15,-81,40,125,45,-41,94,70,-71,93,-79,-45
CryptoManager.coreAesEncrypt is called: data=-6,45,-72,5,70,47,96,-29,-117,60,121,-127,119,116,-126,-46
CryptoManager.coreAesEncrypt result=13,0,-126,-91,-91,-91,-91,-91,-91,-91,-91,-91,-91,-91,-91,-91


CryptoManager.coreAesEncrypt is called: data=15,0,59,0,3,0,1,0,0,0,2,0,0,0,3,0,1,-91,-91,-91,-91,-91,-91,-91,-91,-91,-91,-91,-91,-91,-91,-91
CryptoManager.coreAesEncrypt result=100,-112,36,-39,-110,42,108,-81,92,-29,90,74,-72,-109,-98,71,119,49,86,24,-50,-68,66,24,-24,53,-115,21,-108,15,-93,-97
CryptoManager.coreAesEncrypt is called: data=38,31,-38,98,52,85,72,18,0,-89,108,20,95,106,93,104
CryptoManager.coreAesEncrypt result=13,0,59,-91,-91,-91,-91,-91,-91,-91,-91,-91,-91,-91,-91,-91


CryptoManager.coreAesEncrypt is called: data=13,0,58,-91,-91,-91,-91,-91,-91,-91,-91,-91,-91,-91,-91,-91
CryptoManager.coreAesEncrypt result=-45,-24,80,98,-51,62,-51,63,69,117,-25,-115,30,-42,108,12
CryptoManager.coreAesEncrypt is called: data=-102,103,-68,89,112,11,-38,-69,-127,5,9,-57,-21,-85,66,-45,28,-93,106,62,-43,49,-22,3,-100,98,121,48,8,88,54,-61
CryptoManager.coreAesEncrypt result=15,0,58,0,3,0,1,0,0,0,2,0,0,0,3,0,1,-91,-91,-91,-91,-91,-91,-91,-91,-91,-91,-91,-91,-91,-91,-91


CryptoManager.coreAesInit is called: iv=80,60,49,-71,-64,57,-21,-47,8,-92,58,53,-81,63,33,13, hardware_version=1538, firmware_version=520, serial_number=17102
CryptoManager.coreAesEncrypt is called: data=7,0,-128,8,0,0,0,0,-56,-91,-91,-91,-91,-91,-91,-91
CryptoManager.coreAesEncrypt result=23,-26,125,-97,86,33,14,31,-74,61,65,22,-26,-64,-36,116
CryptoManager.coreAesEncrypt is called: data=125,-3,-48,70,70,17,16,-21,42,-124,-64,34,61,-24,-75,4
CryptoManager.coreAesEncrypt result=7,0,-128,0,0,0,108,0,-56,-91,-91,-91,-91,-91,-91,-91


CryptoManager.coreAesEncrypt is called: data=9,0,-127,0,0,0,0,-91,-91,-91,-91,-91,-91,-91,-91,-91
CryptoManager.coreAesEncrypt result=-54,-23,21,-126,44,-55,54,57,124,-59,-53,123,-27,52,-29,-35
CryptoManager.coreAesEncrypt is called: data=-109,50,-76,-5,17,69,-12,-110,-107,-61,111,-95,94,-47,-79,-102,-118,-38,-8,51,16,-94,122,-89,41,107,61,13,30,27,-38,-29,32,127,105,-63,-67,-16,-27,-90,-25,-35,-6,-103,12,88,28,-114,126,-4,70,54,-126,-89,55,-20,-61,46,-86,-62,19,-84,-74,99,20,122,-125,-128,-120,-14,-34,73,-80,103,97,41,30,78,114,-82,-17,24,-72,37,40,45,92,28,-70,0,114,114,-20,109,79,88,-28,-83,-56,-101,-13,-22,-52,21,10,-16,-69,59,121,102,-78,-76,124,23,-42,9,24,-31,-124,19,17,-61,33,75,-75,13,32,24
CryptoManager.coreAesEncrypt result=15,0,-127,0,108,68,65,84,50,12,0,1,0,2,6,36,2,8,2,-50,66,32,0,2,0,54,0,34,0,5,81,51,48,54,53,48,55,54,-95,-111,24,-54,88,64,4,-1,0,-1,0,-1,0,-1,0,8,0,3,0,-128,0,1,0,24,0,4,0,3,0,29,0,1,0,7,0,36,0,5,0,7,0,27,0,1,0,7,0,24,0,5,0,3,0,27,0,3,0,1,0,29,0,3,0,1,0,36,0,3,0,1,0,-1,-1,-14,-72,-91,-91,-91,-91,-91,-91,-91,-91,-91,-91,-91,-91,-91,-91,-91


CryptoManager.coreAesEncrypt is called: data=13,0,-126,-91,-91,-91,-91,-91,-91,-91,-91,-91,-91,-91,-91,-91
CryptoManager.coreAesEncrypt result=78,52,96,26,-128,-84,-7,-41,16,112,106,-8,57,54,-57,36
CryptoManager.coreAesEncrypt is called: data=63,85,-80,100,62,-83,89,19,-85,69,-7,35,-83,-46,-106,41
CryptoManager.coreAesEncrypt result=13,0,-126,-91,-91,-91,-91,-91,-91,-91,-91,-91,-91,-91,-91,-91


CryptoManager.coreAesInit is called: iv=-116,-38,-87,70,-59,41,-123,-105,-81,-13,121,-106,99,48,-73,102, hardware_version=1538, firmware_version=520, serial_number=17102
CryptoManager.coreAesEncrypt is called: data=7,0,-128,8,0,0,0,0,-56,-91,-91,-91,-91,-91,-91,-91
CryptoManager.coreAesEncrypt result=-55,-33,-18,-104,65,94,-25,-128,-83,-122,-105,-55,17,82,-122,-76
CryptoManager.coreAesEncrypt is called: data=40,-28,3,21,-26,19,59,13,120,-76,30,16,46,-70,16,126
CryptoManager.coreAesEncrypt result=7,0,-128,0,0,0,108,0,-56,-91,-91,-91,-91,-91,-91,-91
CryptoManager.coreAesEncrypt is called: data=9,0,-127,0,0,0,0,-91,-91,-91,-91,-91,-91,-91,-91,-91
CryptoManager.coreAesEncrypt result=69,114,115,-122,-50,-58,94,-75,123,-85,87,-35,-45,81,-76,127
CryptoManager.coreAesEncrypt is called: data=13,37,-11,15,-45,86,-88,-39,111,-8,-89,-39,-18,-78,-117,-96,-94,-87,-104,-21,116,-12,-87,7,105,6,115,-126,-111,-128,-82,117,82,-45,-69,125,-99,24,-40,-61,-82,24,-38,-113,76,-113,5,91,53,-20,-85,-114,76,51,-22,-35,-32,93,24,-69,-11,57,-108,-52,-5,91,-39,-7,-21,22,103,-30,78,46,-91,-74,-4,-19,-81,110,24,103,-48,-127,11,-30,-115,-73,8,-29,98,118,4,63,48,82,102,-125,117,-95,-118,43,-21,87,-99,43,-101,13,-108,-62,126,85,109,83,-41,20,-71,110,-62,105,-58,60,-68,-110,123,0,-85,63
CryptoManager.coreAesEncrypt result=15,0,-127,0,108,68,65,84,50,12,0,1,0,2,6,36,2,8,2,-50,66,32,0,2,0,54,0,34,0,5,81,51,48,54,53,48,55,54,-95,-111,24,-54,88,64,4,-1,0,-1,0,-1,0,-1,0,8,0,3,0,-128,0,1,0,24,0,4,0,3,0,29,0,1,0,7,0,36,0,5,0,7,0,27,0,1,0,7,0,24,0,5,0,3,0,27,0,3,0,1,0,29,0,3,0,1,0,36,0,3,0,1,0,-1,-1,-14,-72,-91,-91,-91,-91,-91,-91,-91,-91,-91,-91,-91,-91,-91,-91,-91
CryptoManager.coreAesEncrypt is called: data=13,0,-126,-91,-91,-91,-91,-91,-91,-91,-91,-91,-91,-91,-91,-91
CryptoManager.coreAesEncrypt result=-103,6,-1,-33,-2,35,113,84,-30,-97,-17,93,94,-73,61,-65
CryptoManager.coreAesEncrypt is called: data=33,-105,9,-40,-117,-25,36,115,13,51,0,-45,9,46,53,-20
CryptoManager.coreAesEncrypt result=13,0,-126,-91,-91,-91,-91,-91,-91,-91,-91,-91,-91,-91,-91,-91
CryptoManager.coreAesEncrypt is called: data=15,0,59,0,3,0,1,0,0,0,2,0,0,0,3,0,1,-91,-91,-91,-91,-91,-91,-91,-91,-91,-91,-91,-91,-91,-91,-91
CryptoManager.coreAesEncrypt result=-101,25,-3,-125,57,8,100,21,-32,99,51,-85,-23,-16,88,64,-94,-12,33,-112,101,4,-86,51,104,64,-111,-17,30,70,85,-105
CryptoManager.coreAesEncrypt is called: data=28,46,-96,-25,-35,-51,74,80,86,0,124,59,-22,17,70,-126
CryptoManager.coreAesEncrypt result=13,0,59,-91,-91,-91,-91,-91,-91,-91,-91,-91,-91,-91,-91,-91
