CryptoManager.coreAesEncrypt is called: data=11,0,12,79,120,-91,-91,-91,-91,-91,-91,-91,-91,-91,-91,-91
CryptoManager.coreAesEncrypt result=109,-125,-28,3,-120,119,-10,-99,10,44,96,45,82,36,99,15
CryptoManager.coreAesEncrypt is called: data=-9,-83,74,-45,40,49,39,-4,97,76,52,67,98,-41,41,-31
CryptoManager.coreAesEncrypt result=11,0,12,79,120,-91,-91,-91,-91,-91,-91,-91,-91,-91,-91,-91
CryptoManager.coreAesEncrypt is called: data=11,0,56,0,1,-91,-91,-91,-91,-91,-91,-91,-91,-91,-91,-91
CryptoManager.coreAesEncrypt result=-112,-93,-49,-21,-104,-39,-120,-104,107,-7,-86,-123,20,34,74,-5
CryptoManager.coreAesEncrypt is called: data=91,122,-65,112,14,31,26,-100,98,-109,34,26,-89,-43,-107,39,118,66,-112,22,0,-112,124,-97,-69,-50,82,-8,-82,-71,97,-58,30,71,61,62,80,-21,-24,93,-90,34,-68,70,79,66,-15,46,106,-83,60,-15,97,104,77,-36,109,116,47,70,-74,-2,57,44,-17,80,-15,-106,-83,-103,-121,116,-119,50,92,38,-78,109,79,-84,-78,11,-58,-74,122,119,103,76,34,-101,-119,79,17,11,-113,-69,119,107,82,80,24,-69,17,101,-18,32,-93,-8,22,29,21,-17,11,-24,27,3,-116,93,46,-121,2,-62,99,-59,43,6,-69,-39
CryptoManager.coreAesEncrypt result=13,0,56,0,1,0,27,0,1,0,90,0,2,0,0,0,3,0,3,0,4,0,0,0,5,2,-118,0,6,0,0,0,7,0,0,0,8,0,0,0,9,0,0,0,10,0,0,0,12,0,100,0,13,0,0,0,14,0,0,0,15,0,0,0,16,0,0,0,17,0,41,0,18,0,32,0,19,0,0,0,20,0,0,0,21,0,0,0,22,0,0,0,23,0,0,0,24,0,0,0,25,0,44,0,26,0,1,0,27,0,70,0,28,1,69,-91,-91,-91,-91,-91,-91,-91,-91,-91,-91,-91,-91,-91
CryptoManager.coreAesEncrypt is called: data=11,0,56,0,3,-91,-91,-91,-91,-91,-91,-91,-91,-91,-91,-91
CryptoManager.coreAesEncrypt result=43,-105,100,-61,38,107,-118,-104,-28,14,-69,10,99,-103,1,-94
CryptoManager.coreAesEncrypt is called: data=-105,81,50,113,-27,89,-29,-32,-20,-126,21,70,71,-7,-88,60,-89,10,-126,123,111,-45,-31,-57,72,-28,-36,1,99,1,-109,-123,-72,-122,24,-52,-14,53,123,57,116,88,-10,0,99,-74,3,8,1,-12,124,-47,-26,-47,115,-88,-44,-78,89,103,-26,77,-22,-107
CryptoManager.coreAesEncrypt result=5,0,56,0,3,0,13,0,1,0,0,0,2,0,0,0,3,1,-13,0,4,0,0,0,5,0,-11,0,6,0,0,0,7,0,0,0,8,0,0,0,9,0,0,0,10,0,0,0,11,6,-112,0,12,0,0,0,13,0,43,-91,-91,-91,-91,-91
CryptoManager.coreAesEncrypt is called: data=13,0,58,-91,-91,-91,-91,-91,-91,-91,-91,-91,-91,-91,-91,-91
CryptoManager.coreAesEncrypt result=116,-110,80,-34,-6,13,-80,124,-10,-111,68,-96,108,50,19,66
CryptoManager.coreAesEncrypt is called: data=-72,1,92,82,-11,-121,63,39,125,47,89,-62,-17,55,-3,73,-107,-38,71,13,6,-126,-81,11,-43,-114,-78,-90,4,76,82,-69
CryptoManager.coreAesEncrypt result=15,0,58,0,3,0,1,0,0,0,2,0,0,0,3,0,1,-91,-91,-91,-91,-91,-91,-91,-91,-91,-91,-91,-91,-91,-91,-91
CryptoManager.coreAesInit is called: iv=84,93,53,-99,36,99,17,16,122,-36,110,-57,3,-104,1,-104, hardware_version=1538, firmware_version=520, serial_number=17102
CryptoManager.coreAesEncrypt is called: data=7,0,-128,8,0,0,0,0,-56,-91,-91,-91,-91,-91,-91,-91
CryptoManager.coreAesEncrypt result=-91,15,99,-15,82,-75,54,69,73,9,123,38,-94,-58,68,-37
CryptoManager.coreAesEncrypt is called: data=49,21,26,-57,20,-95,-126,-86,11,15,67,-46,-56,-19,38,54
CryptoManager.coreAesEncrypt result=7,0,-128,0,0,0,108,0,-56,-91,-91,-91,-91,-91,-91,-91
CryptoManager.coreAesEncrypt is called: data=9,0,-127,0,0,0,0,-91,-91,-91,-91,-91,-91,-91,-91,-91
CryptoManager.coreAesEncrypt result=49,-39,45,-119,-73,-36,45,-57,63,88,-57,40,99,24,-69,33
CryptoManager.coreAesEncrypt is called: data=4,53,-82,2,9,7,122,95,-29,-22,81,-82,-79,-51,14,73,-97,-74,-8,-19,-5,-50,-98,91,34,-85,79,-7,73,33,47,53,-109,116,-127,-81,-23,-39,8,34,104,101,22,-2,-120,-66,108,99,-44,79,-95,-48,-46,108,68,61,-89,9,61,-104,-79,96,82,-79,64,79,-97,-113,-5,127,-34,41,-23,39,125,60,-14,-24,96,-94,63,-62,-115,14,48,-77,76,-39,29,-10,1,34,32,88,24,13,98,18,-67,-128,22,89,-95,47,-76,76,49,26,-88,-88,-118,81,51,38,75,-62,80,33,-118,56,-69,-36,-10,-43,-41,78,-116,-46
CryptoManager.coreAesEncrypt result=15,0,-127,0,108,68,65,84,50,12,0,1,0,2,6,36,2,8,2,-50,66,32,0,2,0,54,0,34,0,5,81,51,48,54,53,48,55,54,-95,-111,24,-54,88,64,4,-1,0,-1,0,-1,0,-1,0,8,0,3,0,-128,0,1,0,24,0,4,0,3,0,29,0,1,0,7,0,36,0,5,0,7,0,27,0,1,0,7,0,24,0,5,0,3,0,27,0,3,0,1,0,29,0,3,0,1,0,36,0,3,0,1,0,-1,-1,-14,-72,-91,-91,-91,-91,-91,-91,-91,-91,-91,-91,-91,-91,-91,-91,-91
CryptoManager.coreAesEncrypt is called: data=13,0,-126,-91,-91,-91,-91,-91,-91,-91,-91,-91,-91,-91,-91,-91
CryptoManager.coreAesEncrypt result=-42,-76,76,7,-35,116,-39,-57,111,-104,86,64,90,-31,30,-126
CryptoManager.coreAesEncrypt is called: data=69,47,-112,125,14,-125,-48,23,-81,-33,-127,-38,4,-14,-115,-60
CryptoManager.coreAesEncrypt result=13,0,-126,-91,-91,-91,-91,-91,-91,-91,-91,-91,-91,-91,-91,-91
CryptoManager.coreAesInit is called: iv=-126,-98,122,60,-44,83,5,-67,70,99,-112,-18,-61,-123,79,2, hardware_version=1538, firmware_version=520, serial_number=17102
CryptoManager.coreAesEncrypt is called: data=7,0,-128,8,0,0,0,0,-56,-91,-91,-91,-91,-91,-91,-91
CryptoManager.coreAesEncrypt result=123,-16,-1,-111,93,-112,-81,83,-116,99,97,91,-123,-88,-93,-87
CryptoManager.coreAesEncrypt is called: data=-69,-9,-19,-104,-111,-5,69,-68,-112,-101,63,111,3,14,42,78
CryptoManager.coreAesEncrypt result=7,0,-128,0,0,0,108,0,-56,-91,-91,-91,-91,-91,-91,-91
CryptoManager.coreAesEncrypt is called: data=9,0,-127,0,0,0,0,-91,-91,-91,-91,-91,-91,-91,-91,-91
CryptoManager.coreAesEncrypt result=85,-113,83,20,-113,-8,-111,-28,-46,91,-69,101,117,-82,1,28
CryptoManager.coreAesEncrypt is called: data=88,90,104,116,-16,-102,-61,97,-123,94,-46,-55,59,-102,33,87,99,-7,-90,25,65,104,127,23,-29,-106,-101,95,49,35,82,-5,84,114,-124,-108,49,-68,95,-29,78,9,83,-84,112,-13,89,-28,-3,-112,50,-70,107,122,-24,-86,-116,1,44,116,-16,-67,100,106,-123,48,101,-70,-3,-31,76,-92,61,-124,-124,105,24,3,29,-76,-56,-29,-105,-106,35,-107,118,-125,-76,-94,-87,-10,48,-15,88,64,-12,2,-111,-55,68,73,-121,107,65,-18,-75,80,7,107,88,-93,67,113,-124,-26,74,-54,-68,-34,2,111,91,-37,-83,127,-55,4
CryptoManager.coreAesEncrypt result=15,0,-127,0,108,68,65,84,50,12,0,1,0,2,6,36,2,8,2,-50,66,32,0,2,0,54,0,34,0,5,81,51,48,54,53,48,55,54,-95,-111,24,-54,88,64,4,-1,0,-1,0,-1,0,-1,0,8,0,3,0,-128,0,1,0,24,0,4,0,3,0,29,0,1,0,7,0,36,0,5,0,7,0,27,0,1,0,7,0,24,0,5,0,3,0,27,0,3,0,1,0,29,0,3,0,1,0,36,0,3,0,1,0,-1,-1,-14,-72,-91,-91,-91,-91,-91,-91,-91,-91,-91,-91,-91,-91,-91,-91,-91
CryptoManager.coreAesEncrypt is called: data=13,0,-126,-91,-91,-91,-91,-91,-91,-91,-91,-91,-91,-91,-91,-91
CryptoManager.coreAesEncrypt result=122,-76,-24,-93,118,-83,-128,-19,36,-103,-25,-36,40,-84,-49,-87
CryptoManager.coreAesEncrypt is called: data=36,-127,-8,0,-34,1,-65,57,52,1,-92,-87,-92,-20,-82,23
CryptoManager.coreAesEncrypt result=13,0,-126,-91,-91,-91,-91,-91,-91,-91,-91,-91,-91,-91,-91,-91
CryptoManager.coreAesInit is called: iv=-28,21,-70,-24,116,-62,42,-33,45,42,-89,-83,-4,88,-82,-126, hardware_version=1538, firmware_version=520, serial_number=17102
CryptoManager.coreAesEncrypt is called: data=7,0,-128,8,0,0,0,0,-56,-91,-91,-91,-91,-91,-91,-91
CryptoManager.coreAesEncrypt result=-11,-109,39,37,-29,120,-74,-124,53,9,-31,-122,-7,114,-127,-24
CryptoManager.coreAesEncrypt is called: data=121,45,-12,-67,-4,-97,-114,100,36,-22,47,-92,82,-66,-50,98
CryptoManager.coreAesEncrypt result=7,0,-128,0,0,0,108,0,-56,-91,-91,-91,-91,-91,-91,-91
CryptoManager.coreAesEncrypt is called: data=9,0,-127,0,0,0,0,-91,-91,-91,-91,-91,-91,-91,-91,-91
CryptoManager.coreAesEncrypt result=106,-53,-79,-47,-123,-18,-59,22,77,-116,-50,-83,-12,-71,-118,-22
CryptoManager.coreAesEncrypt is called: data=2,82,1,-19,-63,79,-70,45,102,99,5,-124,27,27,59,-32,96,-116,-31,-71,20,39,55,-102,-118,80,-44,-50,-76,88,-39,126,-13,50,-77,-93,93,99,-22,-49,-48,-3,92,-28,-66,-51,96,66,98,112,9,102,-99,-19,80,-41,25,-69,65,110,119,-74,-55,19,126,-90,59,-63,37,-46,-22,44,-48,66,46,-108,38,-41,34,84,-54,37,-48,-36,-7,-106,-82,-91,-116,121,77,60,12,30,72,-43,-70,-106,-17,-19,10,-72,7,-40,-59,-122,96,-42,40,117,-98,102,-53,3,101,-91,-108,-60,39,-89,-33,-124,56,3,30,-16,-19,19
CryptoManager.coreAesEncrypt result=15,0,-127,0,108,68,65,84,50,12,0,1,0,2,6,36,2,8,2,-50,66,32,0,2,0,54,0,34,0,5,81,51,48,54,53,48,55,54,-95,-111,24,-54,88,64,4,-1,0,-1,0,-1,0,-1,0,8,0,3,0,-128,0,1,0,24,0,4,0,3,0,29,0,1,0,7,0,36,0,5,0,7,0,27,0,1,0,7,0,24,0,5,0,3,0,27,0,3,0,1,0,29,0,3,0,1,0,36,0,3,0,1,0,-1,-1,-14,-72,-91,-91,-91,-91,-91,-91,-91,-91,-91,-91,-91,-91,-91,-91,-91
CryptoManager.coreAesEncrypt is called: data=13,0,-126,-91,-91,-91,-91,-91,-91,-91,-91,-91,-91,-91,-91,-91
CryptoManager.coreAesEncrypt result=58,-1,110,-45,-51,88,111,-99,112,91,10,58,-73,106,100,9
CryptoManager.coreAesEncrypt is called: data=-18,-9,-3,-115,-6,-113,-94,52,30,-113,51,125,32,68,9,74
CryptoManager.coreAesEncrypt result=13,0,-126,-91,-91,-91,-91,-91,-91,-91,-91,-91,-91,-91,-91,-91
CryptoManager.coreAesInit is called: iv=27,-36,-128,33,-3,114,-86,-13,-64,119,-85,-32,-117,3,-42,124, hardware_version=1538, firmware_version=520, serial_number=17102
CryptoManager.coreAesEncrypt is called: data=7,0,-128,8,0,0,0,0,-56,-91,-91,-91,-91,-91,-91,-91
CryptoManager.coreAesEncrypt result=98,119,106,-113,-107,-83,58,-113,-114,-98,-101,35,9,-107,119,-123
CryptoManager.coreAesEncrypt is called: data=118,-83,100,-32,25,-91,122,-128,-52,79,110,-58,12,121,-101,-82
CryptoManager.coreAesEncrypt result=7,0,-128,0,0,0,108,0,-56,-91,-91,-91,-91,-91,-91,-91
CryptoManager.coreAesEncrypt is called: data=9,0,-127,0,0,0,0,-91,-91,-91,-91,-91,-91,-91,-91,-91
CryptoManager.coreAesEncrypt result=-64,67,-42,98,-10,-64,37,40,103,-128,-117,-17,-87,-30,-74,94
CryptoManager.coreAesEncrypt is called: data=106,-16,-117,-6,108,33,-56,-77,-6,32,26,-76,-104,-114,6,-122,-119,1,74,-2,0,-39,-6,23,-106,-121,-106,98,-19,-81,-118,-14,83,61,92,104,27,89,-1,-2,63,17,-25,66,58,119,55,70,96,-124,36,70,29,57,-105,-39,-20,-56,-84,-103,93,98,94,86,58,-52,-92,-18,40,-78,-47,-99,36,-36,-109,-43,-95,90,13,56,101,-127,-102,-120,113,-105,-33,-119,-102,-31,88,-42,-41,-113,22,90,58,-122,-2,-80,45,75,-37,100,117,-98,-72,-64,-66,30,33,81,61,45,78,66,-123,-15,95,-9,-48,-2,-117,-59,-71,74,-16,109
CryptoManager.coreAesEncrypt result=15,0,-127,0,108,68,65,84,50,12,0,1,0,2,6,36,2,8,2,-50,66,32,0,2,0,54,0,34,0,5,81,51,48,54,53,48,55,54,-95,-111,24,-54,88,64,4,-1,0,-1,0,-1,0,-1,0,8,0,3,0,-128,0,1,0,24,0,4,0,3,0,29,0,1,0,7,0,36,0,5,0,7,0,27,0,1,0,7,0,24,0,5,0,3,0,27,0,3,0,1,0,29,0,3,0,1,0,36,0,3,0,1,0,-1,-1,-14,-72,-91,-91,-91,-91,-91,-91,-91,-91,-91,-91,-91,-91,-91,-91,-91
CryptoManager.coreAesEncrypt is called: data=13,0,-126,-91,-91,-91,-91,-91,-91,-91,-91,-91,-91,-91,-91,-91
CryptoManager.coreAesEncrypt result=-44,18,-96,-68,-86,122,8,16,-112,-97,-47,-47,-106,103,-46,-59
CryptoManager.coreAesEncrypt is called: data=95,-102,22,67,-118,21,41,111,51,-106,-119,28,-87,-86,-40,-67
CryptoManager.coreAesEncrypt result=13,0,-126,-91,-91,-91,-91,-91,-91,-91,-91,-91,-91,-91,-91,-91
CryptoManager.coreAesEncrypt is called: data=15,0,59,0,3,0,1,0,0,0,2,0,0,0,3,0,1,-91,-91,-91,-91,-91,-91,-91,-91,-91,-91,-91,-91,-91,-91,-91
CryptoManager.coreAesEncrypt result=21,-95,18,-73,-101,2,-59,48,119,89,-105,-22,-114,113,122,54,-103,-91,74,-39,44,-89,85,8,56,74,-17,-24,23,17,-40,-114
CryptoManager.coreAesEncrypt is called: data=-67,-83,34,46,-32,15,-103,84,-104,-105,-91,48,-97,120,78,-124
CryptoManager.coreAesEncrypt result=13,0,59,-91,-91,-91,-91,-91,-91,-91,-91,-91,-91,-91,-91,-91
CryptoManager.coreAesEncrypt is called: data=13,0,58,-91,-91,-91,-91,-91,-91,-91,-91,-91,-91,-91,-91,-91
CryptoManager.coreAesEncrypt result=-95,-68,92,32,78,-109,-31,-110,115,-116,52,-84,-61,126,-84,48
CryptoManager.coreAesEncrypt is called: data=122,78,-62,-73,-114,52,44,-68,-107,-21,125,-53,-108,117,7,-36,4,116,-98,28,-16,9,112,-16,-20,101,59,-78,2,-100,22,87
CryptoManager.coreAesEncrypt result=15,0,58,0,3,0,1,0,0,0,2,0,0,0,3,0,1,-91,-91,-91,-91,-91,-91,-91,-91,-91,-91,-91,-91,-91,-91,-91
CryptoManager.coreAesInit is called: iv=-123,54,-30,-125,115,-89,48,-58,-58,-11,126,-90,48,-24,-16,113, hardware_version=1538, firmware_version=520, serial_number=17102
CryptoManager.coreAesEncrypt is called: data=7,0,-128,8,0,0,0,0,-56,-91,-91,-91,-91,-91,-91,-91
CryptoManager.coreAesEncrypt result=-91,-3,-6,-60,53,121,-13,66,66,11,-64,2,-103,-23,-75,-22
CryptoManager.coreAesEncrypt is called: data=43,69,108,-62,-52,123,-12,-104,45,70,-12,-14,26,39,48,39
CryptoManager.coreAesEncrypt result=7,0,-128,0,0,0,108,0,-56,-91,-91,-91,-91,-91,-91,-91
CryptoManager.coreAesEncrypt is called: data=9,0,-127,0,0,0,0,-91,-91,-91,-91,-91,-91,-91,-91,-91
CryptoManager.coreAesEncrypt result=-92,29,96,-94,118,-88,-72,42,31,-43,116,-20,74,74,9,-7
CryptoManager.coreAesEncrypt is called: data=39,76,21,110,-48,-81,-73,-31,-111,-20,120,-127,63,49,95,-54,-85,-107,-41,-94,-18,31,1,97,-6,-106,-119,-90,-19,-106,74,-122,-105,-32,-51,24,-97,53,-115,77,-112,96,29,106,98,112,52,-96,29,90,-123,-100,40,-96,-25,-70,-75,94,-105,-69,115,125,-100,-32,2,23,-15,-24,6,-6,15,-90,-11,6,-26,-50,-100,-62,-2,93,-64,-61,-92,-18,-77,-93,-34,-83,-9,74,-82,-93,46,-65,-54,-112,-39,38,94,48,-27,111,-28,50,-110,115,1,-26,-25,-45,57,92,66,-122,87,-57,53,102,-123,-25,-74,20,-34,-56,26,-73,-12,-63
CryptoManager.coreAesEncrypt result=15,0,-127,0,108,68,65,84,50,12,0,1,0,2,6,36,2,8,2,-50,66,32,0,2,0,54,0,34,0,5,81,51,48,54,53,48,55,54,-95,-111,24,-54,88,64,4,-1,0,-1,0,-1,0,-1,0,8,0,3,0,-128,0,1,0,24,0,4,0,3,0,29,0,1,0,7,0,36,0,5,0,7,0,27,0,1,0,7,0,24,0,5,0,3,0,27,0,3,0,1,0,29,0,3,0,1,0,36,0,3,0,1,0,-1,-1,-14,-72,-91,-91,-91,-91,-91,-91,-91,-91,-91,-91,-91,-91,-91,-91,-91
CryptoManager.coreAesEncrypt is called: data=13,0,-126,-91,-91,-91,-91,-91,-91,-91,-91,-91,-91,-91,-91,-91
CryptoManager.coreAesEncrypt result=99,-12,78,59,114,-113,-96,0,124,-78,73,-2,-78,79,-68,24
CryptoManager.coreAesEncrypt is called: data=89,-120,28,36,118,-19,125,17,12,-54,-115,85,4,-10,-102,41
CryptoManager.coreAesEncrypt result=13,0,-126,-91,-91,-91,-91,-91,-91,-91,-91,-91,-91,-91,-91,-91
CryptoManager.coreAesInit is called: iv=71,-92,111,-77,-1,93,110,-89,27,21,-5,-39,-85,-103,55,-13, hardware_version=1538, firmware_version=520, serial_number=17102
CryptoManager.coreAesEncrypt is called: data=7,0,-128,8,0,0,0,0,-56,-91,-91,-91,-91,-91,-91,-91
CryptoManager.coreAesEncrypt result=53,-63,23,-102,-117,43,112,39,26,30,-84,116,27,13,43,25
CryptoManager.coreAesEncrypt is called: data=112,55,60,-25,32,1,-121,-8,-111,5,41,56,99,-5,57,-52
CryptoManager.coreAesEncrypt result=7,0,-128,0,0,0,108,0,-56,-91,-91,-91,-91,-91,-91,-91
CryptoManager.coreAesEncrypt is called: data=9,0,-127,0,0,0,0,-91,-91,-91,-91,-91,-91,-91,-91,-91
CryptoManager.coreAesEncrypt result=16,-112,-20,21,109,44,29,124,-24,-115,117,-23,-116,49,-106,68
CryptoManager.coreAesEncrypt is called: data=78,-109,60,15,71,87,127,8,-118,23,-10,97,37,79,-69,115,-119,72,-79,7,-69,11,-103,-72,-103,27,-65,6,-2,17,-35,-30,-8,24,16,-39,-32,81,113,-4,-11,-37,72,82,8,-27,-85,100,-99,-81,-28,58,120,124,-8,-20,119,-3,-124,125,47,-35,60,112,121,60,-71,20,-121,22,-6,100,-103,-122,-72,4,-117,-122,-125,-8,119,-82,52,-20,-119,-111,62,88,-105,26,-53,126,-49,-10,95,63,-97,68,94,30,92,-126,-98,-20,-126,-62,-42,-12,44,91,-87,98,-15,-25,-31,108,32,-63,-106,24,-98,69,-101,-40,23,-32,121,-79
CryptoManager.coreAesEncrypt result=15,0,-127,0,108,68,65,84,50,12,0,1,0,2,6,36,2,8,2,-50,66,32,0,2,0,54,0,34,0,5,81,51,48,54,53,48,55,54,-95,-111,24,-54,88,64,4,-1,0,-1,0,-1,0,-1,0,8,0,3,0,-128,0,1,0,24,0,4,0,3,0,29,0,1,0,7,0,36,0,5,0,7,0,27,0,1,0,7,0,24,0,5,0,3,0,27,0,3,0,1,0,29,0,3,0,1,0,36,0,3,0,1,0,-1,-1,-14,-72,-91,-91,-91,-91,-91,-91,-91,-91,-91,-91,-91,-91,-91,-91,-91
CryptoManager.coreAesEncrypt is called: data=13,0,-126,-91,-91,-91,-91,-91,-91,-91,-91,-91,-91,-91,-91,-91
CryptoManager.coreAesEncrypt result=9,71,31,-21,-30,30,-48,4,37,-119,35,-54,101,70,4,70
CryptoManager.coreAesEncrypt is called: data=-27,28,24,-78,-23,-62,104,-30,-6,5,-114,-114,53,-127,-34,63
CryptoManager.coreAesEncrypt result=13,0,-126,-91,-91,-91,-91,-91,-91,-91,-91,-91,-91,-91,-91,-91
CryptoManager.coreAesInit is called: iv=-59,-102,58,97,126,83,118,-91,-84,40,40,120,-70,9,104,120, hardware_version=1538, firmware_version=520, serial_number=17102
CryptoManager.coreAesEncrypt is called: data=7,0,-128,8,0,0,0,0,-56,-91,-91,-91,-91,-91,-91,-91
CryptoManager.coreAesEncrypt result=22,-24,65,15,52,124,-40,8,-83,-48,121,-126,13,111,19,-70
CryptoManager.coreAesEncrypt is called: data=-114,-90,-105,60,-35,109,-125,-49,-59,-81,35,8,-21,-11,99,80
CryptoManager.coreAesEncrypt result=7,0,-128,0,0,0,108,0,-56,-91,-91,-91,-91,-91,-91,-91
CryptoManager.coreAesEncrypt is called: data=9,0,-127,0,0,0,0,-91,-91,-91,-91,-91,-91,-91,-91,-91
CryptoManager.coreAesEncrypt result=75,-84,-12,-14,-19,-89,-116,90,-52,32,36,-69,-44,-89,31,1
CryptoManager.coreAesEncrypt is called: data=-81,-59,110,87,123,-32,3,-20,36,96,-121,-60,83,69,63,-122,-109,9,-15,43,54,-95,-115,-35,27,-73,94,-50,-43,-15,-79,71,77,51,79,-122,-79,97,-115,87,-48,-7,104,3,-24,23,100,120,34,-126,69,93,75,67,84,-30,-70,113,42,105,51,80,60,79,118,89,112,-127,-2,-3,-37,55,36,-10,122,100,99,-82,-42,-105,-124,105,-51,120,-32,-115,29,22,-26,-18,65,77,-65,-93,-74,-45,-45,36,102,-39,-114,-93,-70,8,-90,110,-19,-100,12,-117,-116,45,31,44,-17,-103,61,-33,-35,8,-116,103,28,39,-22,104,32,66
CryptoManager.coreAesEncrypt result=15,0,-127,0,108,68,65,84,50,12,0,1,0,2,6,36,2,8,2,-50,66,32,0,2,0,54,0,34,0,5,81,51,48,54,53,48,55,54,-95,-111,24,-54,88,64,4,-1,0,-1,0,-1,0,-1,0,8,0,3,0,-128,0,1,0,24,0,4,0,3,0,29,0,1,0,7,0,36,0,5,0,7,0,27,0,1,0,7,0,24,0,5,0,3,0,27,0,3,0,1,0,29,0,3,0,1,0,36,0,3,0,1,0,-1,-1,-14,-72,-91,-91,-91,-91,-91,-91,-91,-91,-91,-91,-91,-91,-91,-91,-91
CryptoManager.coreAesEncrypt is called: data=13,0,-126,-91,-91,-91,-91,-91,-91,-91,-91,-91,-91,-91,-91,-91
CryptoManager.coreAesEncrypt result=61,32,52,108,15,33,127,-3,92,80,103,-40,11,52,90,34
CryptoManager.coreAesEncrypt is called: data=75,-118,60,104,-54,74,-24,121,-93,-6,-61,-23,-4,-26,-87,65
CryptoManager.coreAesEncrypt result=13,0,-126,-91,-91,-91,-91,-91,-91,-91,-91,-91,-91,-91,-91,-91
CryptoManager.coreAesInit is called: iv=55,-90,81,111,-106,56,2,-5,-83,-115,-58,-128,-64,53,-119,19, hardware_version=1538, firmware_version=520, serial_number=17102
CryptoManager.coreAesEncrypt is called: data=7,0,-128,8,0,0,0,0,-56,-91,-91,-91,-91,-91,-91,-91
CryptoManager.coreAesEncrypt result=54,29,42,-100,54,-16,-41,5,40,66,78,-125,63,20,30,65
CryptoManager.coreAesEncrypt is called: data=122,5,11,-35,94,-33,-36,-122,-24,49,18,-122,94,-62,34,-2
CryptoManager.coreAesEncrypt result=7,0,-128,0,0,0,108,0,-56,-91,-91,-91,-91,-91,-91,-91
CryptoManager.coreAesEncrypt is called: data=9,0,-127,0,0,0,0,-91,-91,-91,-91,-91,-91,-91,-91,-91
CryptoManager.coreAesEncrypt result=45,63,-120,-89,-22,23,79,88,-23,-42,113,-80,108,0,69,18
CryptoManager.coreAesEncrypt is called: data=-24,31,-80,85,84,-51,54,92,37,-33,75,-18,-1,-87,-79,100,113,80,35,35,-90,-117,-49,-111,-55,116,10,-102,-15,-98,82,3,75,-58,-98,3,66,113,67,-106,-92,-91,-67,59,84,-46,-3,92,92,87,10,101,-92,-47,24,59,38,-31,-88,-31,-37,51,-107,-18,-20,123,-110,-17,53,39,-105,-51,-29,-106,-32,44,70,-106,-109,85,-19,-24,92,-119,31,-119,-111,-88,84,-33,99,43,55,1,-81,62,30,102,55,110,-95,-114,17,-111,1,6,78,-101,-40,-2,-12,109,1,66,53,13,31,13,2,39,47,16,-14,40,4,7,-47,-98
CryptoManager.coreAesEncrypt result=15,0,-127,0,108,68,65,84,50,12,0,1,0,2,6,36,2,8,2,-50,66,32,0,2,0,54,0,34,0,5,81,51,48,54,53,48,55,54,-95,-111,24,-54,88,64,4,-1,0,-1,0,-1,0,-1,0,8,0,3,0,-128,0,1,0,24,0,4,0,3,0,29,0,1,0,7,0,36,0,5,0,7,0,27,0,1,0,7,0,24,0,5,0,3,0,27,0,3,0,1,0,29,0,3,0,1,0,36,0,3,0,1,0,-1,-1,-14,-72,-91,-91,-91,-91,-91,-91,-91,-91,-91,-91,-91,-91,-91,-91,-91
CryptoManager.coreAesEncrypt is called: data=13,0,-126,-91,-91,-91,-91,-91,-91,-91,-91,-91,-91,-91,-91,-91
CryptoManager.coreAesEncrypt result=-107,60,45,-30,12,95,96,86,85,-102,-74,-6,36,25,65,64
CryptoManager.coreAesEncrypt is called: data=24,-38,62,51,31,-111,31,111,36,53,-14,-116,-92,4,14,26
CryptoManager.coreAesEncrypt result=13,0,-126,-91,-91,-91,-91,-91,-91,-91,-91,-91,-91,-91,-91,-91
CryptoManager.coreAesInit is called: iv=8,-118,14,36,-110,12,97,-110,-67,-42,46,40,31,121,-124,47, hardware_version=1538, firmware_version=520, serial_number=17102
CryptoManager.coreAesEncrypt is called: data=7,0,-128,8,0,0,0,0,-56,-91,-91,-91,-91,-91,-91,-91
CryptoManager.coreAesEncrypt result=124,39,85,-45,43,-6,98,-27,-68,12,-34,121,81,-4,70,-42
CryptoManager.coreAesEncrypt is called: data=-120,99,-117,-124,-45,109,-5,17,-42,-56,-125,56,-9,65,-16,-90
CryptoManager.coreAesEncrypt result=7,0,-128,0,0,0,108,0,-56,-91,-91,-91,-91,-91,-91,-91
CryptoManager.coreAesEncrypt is called: data=9,0,-127,0,0,0,0,-91,-91,-91,-91,-91,-91,-91,-91,-91
CryptoManager.coreAesEncrypt result=-51,-61,-55,-5,-121,-87,33,-62,50,74,98,0,-20,-121,103,-60
CryptoManager.coreAesEncrypt is called: data=-102,-112,125,-65,-15,70,19,22,-46,62,95,36,82,88,-91,46,27,-123,-100,-28,-56,7,-42,96,32,-43,54,-25,127,31,14,88,79,55,-50,-9,113,34,-27,31,53,108,3,107,-101,-77,21,118,89,-53,-56,-34,8,70,70,-72,61,-92,24,-7,-9,-28,-5,96,114,78,-34,-71,-101,72,-63,88,35,114,-39,71,92,59,12,-21,51,119,18,78,-85,59,-35,-121,-56,75,-3,62,81,-91,-37,-52,-58,5,76,-43,9,67,89,1,-65,-46,31,-43,11,-114,-74,-107,-8,60,-103,60,18,36,127,48,-119,-19,-12,-57,-62,113,90,10
CryptoManager.coreAesEncrypt result=15,0,-127,0,108,68,65,84,50,12,0,1,0,2,6,36,2,8,2,-50,66,32,0,2,0,54,0,34,0,5,81,51,48,54,53,48,55,54,-95,-111,24,-54,88,64,4,-1,0,-1,0,-1,0,-1,0,8,0,3,0,-128,0,1,0,24,0,4,0,3,0,29,0,1,0,7,0,36,0,5,0,7,0,27,0,1,0,7,0,24,0,5,0,3,0,27,0,3,0,1,0,29,0,3,0,1,0,36,0,3,0,1,0,-1,-1,-14,-72,-91,-91,-91,-91,-91,-91,-91,-91,-91,-91,-91,-91,-91,-91,-91
CryptoManager.coreAesEncrypt is called: data=13,0,-126,-91,-91,-91,-91,-91,-91,-91,-91,-91,-91,-91,-91,-91
CryptoManager.coreAesEncrypt result=-94,-58,-41,36,109,91,119,50,-46,20,34,-71,69,102,78,107
CryptoManager.coreAesEncrypt is called: data=107,51,40,-88,-99,-101,22,115,-115,110,-82,-65,-33,-97,-101,2
CryptoManager.coreAesEncrypt result=13,0,-126,-91,-91,-91,-91,-91,-91,-91,-91,-91,-91,-91,-91,-91
CryptoManager.coreAesInit is called: iv=-35,-81,-33,-120,80,-61,54,-104,126,-18,-113,-93,-119,-14,127,117, hardware_version=1538, firmware_version=520, serial_number=17102
CryptoManager.coreAesEncrypt is called: data=7,0,-128,8,0,0,0,0,-56,-91,-91,-91,-91,-91,-91,-91
CryptoManager.coreAesEncrypt result=-93,112,74,-57,114,118,-65,46,-112,-54,-101,74,-120,-14,114,-28
CryptoManager.coreAesEncrypt is called: data=-70,-2,-77,-64,-74,75,-41,-61,-17,103,62,-80,32,79,-87,-118
CryptoManager.coreAesEncrypt result=7,0,-128,0,0,0,108,0,-56,-91,-91,-91,-91,-91,-91,-91
CryptoManager.coreAesEncrypt is called: data=9,0,-127,0,0,0,0,-91,-91,-91,-91,-91,-91,-91,-91,-91
CryptoManager.coreAesEncrypt result=118,-66,42,-103,-40,11,-52,-23,70,-101,30,107,-69,50,-51,-34
CryptoManager.coreAesEncrypt is called: data=-127,18,77,-25,-8,79,29,25,-37,2,-50,-127,-124,7,-29,-113,-88,101,-59,-21,-118,-118,67,-10,-116,58,-60,-77,-33,-47,6,99,25,0,-108,-9,-44,42,26,-67,-32,3,-119,-61,-104,-5,37,27,-123,-47,48,18,65,-13,33,-12,-1,73,126,19,54,-47,-53,50,-95,46,40,114,4,-67,-26,24,119,-44,-9,91,1,-3,-89,5,121,-8,-60,-71,-117,-113,73,8,-123,89,116,123,-120,-94,-13,-17,-2,-5,46,7,90,54,52,119,96,95,-124,31,-21,116,43,30,-49,-101,-26,-71,74,91,37,-63,-90,85,-53,110,-17,86,-106,-14
CryptoManager.coreAesEncrypt result=15,0,-127,0,108,68,65,84,50,12,0,1,0,2,6,36,2,8,2,-50,66,32,0,2,0,54,0,34,0,5,81,51,48,54,53,48,55,54,-95,-111,24,-54,88,64,4,-1,0,-1,0,-1,0,-1,0,8,0,3,0,-128,0,1,0,24,0,4,0,3,0,29,0,1,0,7,0,36,0,5,0,7,0,27,0,1,0,7,0,24,0,5,0,3,0,27,0,3,0,1,0,29,0,3,0,1,0,36,0,3,0,1,0,-1,-1,-14,-72,-91,-91,-91,-91,-91,-91,-91,-91,-91,-91,-91,-91,-91,-91,-91
CryptoManager.coreAesEncrypt is called: data=13,0,-126,-91,-91,-91,-91,-91,-91,-91,-91,-91,-91,-91,-91,-91
CryptoManager.coreAesEncrypt result=-44,-127,-40,20,34,-54,-95,67,7,-116,-83,-103,-96,13,5,59
CryptoManager.coreAesEncrypt is called: data=124,-79,6,-33,2,-97,97,-73,35,6,25,27,-56,40,42,-108
CryptoManager.coreAesEncrypt result=13,0,-126,-91,-91,-91,-91,-91,-91,-91,-91,-91,-91,-91,-91,-91
CryptoManager.coreAesEncrypt is called: data=15,0,59,0,3,0,1,0,0,0,2,0,0,0,3,0,1,-91,-91,-91,-91,-91,-91,-91,-91,-91,-91,-91,-91,-91,-91,-91
CryptoManager.coreAesEncrypt result=-36,115,53,-55,97,118,-43,68,85,-102,-5,-66,42,102,95,-3,51,46,118,116,67,20,89,-67,-63,28,90,-22,75,118,-16,-94
CryptoManager.coreAesEncrypt is called: data=39,125,65,42,110,50,-30,-53,106,-61,-90,-118,-37,50,112,-75
CryptoManager.coreAesEncrypt result=13,0,59,-91,-91,-91,-91,-91,-91,-91,-91,-91,-91,-91,-91,-91
CryptoManager.coreAesEncrypt is called: data=11,0,69,0,0,-91,-91,-91,-91,-91,-91,-91,-91,-91,-91,-91
CryptoManager.coreAesEncrypt result=-89,105,126,-104,-121,-107,-107,-59,-52,-99,-106,69,-76,42,-108,93
CryptoManager.coreAesEncrypt is called: data=114,5,-100,19,-94,-110,-110,-79,106,-92,99,-123,107,-50,61,-127
CryptoManager.coreAesEncrypt result=11,0,69,0,0,-91,-91,-91,-91,-91,-91,-91,-91,-91,-91,-91
CryptoManager.coreAesEncrypt is called: data=13,0,74,-91,-91,-91,-91,-91,-91,-91,-91,-91,-91,-91,-91,-91
CryptoManager.coreAesEncrypt result=114,28,85,-59,110,2,-26,88,47,31,-20,99,-73,109,-39,91
CryptoManager.coreAesEncrypt is called: data=-84,63,24,59,-42,-21,62,55,-1,46,84,70,66,21,71,-66
CryptoManager.coreAesEncrypt result=9,0,74,0,1,0,5,-91,-91,-91,-91,-91,-91,-91,-91,-91
CryptoManager.coreAesEncrypt is called: data=13,0,58,-91,-91,-91,-91,-91,-91,-91,-91,-91,-91,-91,-91,-91
CryptoManager.coreAesEncrypt result=26,92,1,-121,102,21,21,-69,-71,-116,72,39,-12,-116,-83,-21
CryptoManager.coreAesEncrypt is called: data=12,-77,91,38,32,-107,-116,-48,97,-7,114,11,32,-22,125,76,-13,-81,68,8,2,-104,-106,-98,-127,37,-96,24,-64,-71,-78,-100
CryptoManager.coreAesEncrypt result=15,0,58,0,3,0,1,0,0,0,2,0,0,0,3,0,1,-91,-91,-91,-91,-91,-91,-91,-91,-91,-91,-91,-91,-91,-91,-91
CryptoManager.coreAesEncrypt is called: data=15,0,59,0,3,0,1,0,0,0,2,0,0,0,3,0,1,-91,-91,-91,-91,-91,-91,-91,-91,-91,-91,-91,-91,-91,-91,-91
CryptoManager.coreAesEncrypt result=-80,-106,123,26,98,-105,-19,40,-86,-40,103,-16,23,-105,126,-111,47,80,-37,-15,-21,42,-119,-106,-43,62,44,-125,-17,48,23,81
CryptoManager.coreAesEncrypt is called: data=119,-67,94,-52,5,-109,2,52,-33,71,-49,106,121,108,64,121
CryptoManager.coreAesEncrypt result=13,0,59,-91,-91,-91,-91,-91,-91,-91,-91,-91,-91,-91,-91,-91
CryptoManager.coreAesEncrypt is called: data=11,0,69,0,0,-91,-91,-91,-91,-91,-91,-91,-91,-91,-91,-91
CryptoManager.coreAesEncrypt result=3,85,100,-58,-115,-70,43,87,-126,-76,52,41,37,-100,-107,-5
CryptoManager.coreAesEncrypt is called: data=103,106,-103,-33,37,-33,-63,-21,43,98,-43,-90,118,61,-103,-71
CryptoManager.coreAesEncrypt result=11,0,69,0,0,-91,-91,-91,-91,-91,-91,-91,-91,-91,-91,-91
CryptoManager.coreAesEncrypt is called: data=13,0,74,-91,-91,-91,-91,-91,-91,-91,-91,-91,-91,-91,-91,-91
CryptoManager.coreAesEncrypt result=83,125,36,81,50,103,-97,45,126,-126,-81,-27,87,-36,23,125
CryptoManager.coreAesEncrypt is called: data=-66,-46,58,77,-34,24,89,45,-39,-62,1,82,78,23,-75,86
CryptoManager.coreAesEncrypt result=9,0,74,0,1,0,5,-91,-91,-91,-91,-91,-91,-91,-91,-91
CryptoManager.coreAesEncrypt is called: data=11,0,112,0,1,-91,-91,-91,-91,-91,-91,-91,-91,-91,-91,-91
CryptoManager.coreAesEncrypt result=69,1,-84,-76,106,-96,31,-64,-46,-45,-4,69,-20,53,-33,120
CryptoManager.coreAesEncrypt is called: data=124,37,-83,-4,-48,121,-20,15,38,-99,-77,-90,-3,66,6,-106
CryptoManager.coreAesEncrypt result=13,0,112,-91,-91,-91,-91,-91,-91,-91,-91,-91,-91,-91,-91,-91
CryptoManager.coreAesEncrypt is called: data=5,0,113,1,0,1,3,0,0,0,-56,-91,-91,-91,-91,-91
CryptoManager.coreAesEncrypt result=103,-56,-102,-115,-123,63,-30,-5,97,13,97,30,11,-39,-122,21
CryptoManager.coreAesEncrypt is called: data=-65,61,54,-89,-98,116,-89,111,21,22,-6,54,-14,81,-24,-96
CryptoManager.coreAesEncrypt result=13,0,113,-91,-91,-91,-91,-91,-91,-91,-91,-91,-91,-91,-91,-91
CryptoManager.coreAesEncrypt is called: data=1,0,114,0,0,0,-56,67,65,78,50,0,5,0,0,0,26,0,0,0,46,0,0,0,86,0,0,0,122,0,0,0,-98,0,0,0,4,0,0,0,0,0,8,0,1,0,7,0,1,0,16,2,-68,0,1,0,9,0,0,0,2,0,1,1,-128,0,2,0,0,0,3,0,13,0,6,0,1,0,11,27,88,0,12,0,0,0,14,0,0,0,15,0,0,0,7,0,8,0,0,0,1,0,1,3,45,0,2,0,0,0,3,0,8,0,4,0,7,0,5,0,7,0,10,7,-48,0,13,0,7,0,8,0,8,0,0,0,1,0,1,0,3,0,2,0,0,0,3,0,16,0,4,0,1,0,5,0,2,0,10,0,0,0,13,-1,-1,0,11,0,9,0,0,0,2,0,1,1,-126,0,2,0,32,0,3,0,8,0,6,0,1,0,11,0,-1,0,12,0,0,0,14,0,10,0,15,0,25,-64,-102,-91
CryptoManager.coreAesEncrypt result=-114,109,125,-17,51,-42,-123,80,101,87,-78,-105,27,-43,99,19,118,-5,-24,-36,68,13,-68,-73,-44,-73,9,-59,70,98,-85,-68,-54,121,87,27,-115,-72,-42,-81,-106,110,16,-87,84,60,75,57,33,-85,4,-57,66,-12,-42,-19,102,93,-47,-32,-5,-23,51,-66,8,-21,66,19,38,31,-96,-33,70,110,91,-107,56,-52,-64,-59,74,111,86,22,91,42,75,-40,102,52,87,-86,-85,-40,80,-20,-64,70,67,-95,-95,76,-66,-18,-62,-24,45,67,33,-91,98,-33,-99,6,120,54,-119,-2,3,49,87,-108,-34,99,-103,30,-94,-35,23,53,-124,80,91,3,-83,55,-10,93,103,10,-95,26,40,-3,114,-90,-55,-85,-47,92,-123,-81,50,35,-2,-52,-60,-126,43,100,111,-51,-22,60,-67,22,-87,83,63,126,-15,-25,107,7,64,-41,81,-121,-74,15,5,34,-69,-56,-117,-18,16,63,48,1,-36,41,28,84,-110,33,-67,-121,11,73,-37,-75,84,-59,-50,5,-117,53
CryptoManager.coreAesEncrypt is called: data=-91,-32,-36,-2,48,-119,-83,46,-3,80,-32,103,-113,-44,75,-79
CryptoManager.coreAesEncrypt result=13,0,114,-91,-91,-91,-91,-91,-91,-91,-91,-91,-91,-91,-91,-91
CryptoManager.coreAesEncrypt is called: data=13,0,115,-91,-91,-91,-91,-91,-91,-91,-91,-91,-91,-91,-91,-91
CryptoManager.coreAesEncrypt result=5,-51,-81,-118,94,-39,64,97,85,52,-27,-124,48,117,118,-111
CryptoManager.coreAesEncrypt is called: data=114,91,-60,6,-64,0,43,65,28,-108,-96,-63,-107,-46,-121,-14
CryptoManager.coreAesEncrypt result=13,0,115,-91,-91,-91,-91,-91,-91,-91,-91,-91,-91,-91,-91,-91
CryptoManager.coreAesEncrypt is called: data=13,0,116,-91,-91,-91,-91,-91,-91,-91,-91,-91,-91,-91,-91,-91
CryptoManager.coreAesEncrypt result=105,55,104,108,103,-106,127,-52,-35,17,-47,69,-76,-103,-111,110
CryptoManager.coreAesEncrypt is called: data=119,123,97,-124,-118,65,-12,4,-17,43,73,-117,-90,94,-37,-69
CryptoManager.coreAesEncrypt result=13,0,116,-91,-91,-91,-91,-91,-91,-91,-91,-91,-91,-91,-91,-91
CryptoManager.coreAesEncrypt is called: data=13,0,58,-91,-91,-91,-91,-91,-91,-91,-91,-91,-91,-91,-91,-91
CryptoManager.coreAesEncrypt result=-126,120,-1,-56,96,119,61,46,-57,-97,82,6,110,-122,127,18
CryptoManager.coreAesEncrypt is called: data=-15,-75,-23,59,-20,-42,90,48,28,31,16,-19,87,-7,115,-99,-47,96,22,116,108,-33,-33,-11,122,-51,-60,-125,-77,-32,-71,1
CryptoManager.coreAesEncrypt result=15,0,58,0,3,0,1,0,0,0,2,0,0,0,3,0,1,-91,-91,-91,-91,-91,-91,-91,-91,-91,-91,-91,-91,-91,-91,-91
CryptoManager.coreAesEncrypt is called: data=15,0,59,0,3,0,1,0,0,0,2,0,0,0,3,0,1,-91,-91,-91,-91,-91,-91,-91,-91,-91,-91,-91,-91,-91,-91,-91
CryptoManager.coreAesEncrypt result=67,-127,-46,97,103,14,-4,-33,78,-48,-103,-34,-70,-58,115,-5,60,2,-100,-100,-95,-117,-58,71,99,-23,-126,50,-26,118,8,-117
CryptoManager.coreAesInit is called: iv=109,-30,-31,-58,-6,23,59,-95,33,86,107,-48,-58,117,60,12, hardware_version=1538, firmware_version=520, serial_number=17102
CryptoManager.coreAesEncrypt is called: data=7,0,-128,8,0,0,0,0,-56,-91,-91,-91,-91,-91,-91,-91
CryptoManager.coreAesEncrypt result=87,-51,95,-29,111,95,-12,66,112,45,113,10,-78,-10,-9,-112
CryptoManager.coreAesEncrypt is called: data=-39,111,75,2,108,87,-104,-16,45,98,102,-96,-113,-17,75,-98
CryptoManager.coreAesEncrypt result=7,0,-128,0,0,0,108,0,-56,-91,-91,-91,-91,-91,-91,-91
CryptoManager.coreAesEncrypt is called: data=9,0,-127,0,0,0,0,-91,-91,-91,-91,-91,-91,-91,-91,-91
CryptoManager.coreAesEncrypt result=16,-70,111,7,-111,6,-16,-7,50,3,62,-13,-62,-47,73,9
CryptoManager.coreAesEncrypt is called: data=-98,-101,-60,-3,-22,-110,-40,-100,118,87,110,117,114,-96,-110,-115,49,24,-88,-55,53,28,59,-119,1,29,-115,54,-57,-60,54,-11,-37,35,-106,-57,46,-103,-2,124,9,-100,63,-29,62,38,-96,6,18,40,34,-48,110,20,38,-46,-57,48,-55,-35,-112,-113,-54,-78,-15,91,-29,-99,-11,-60,113,-12,-79,-42,29,-61,-9,46,117,64,22,-113,92,-118,29,114,-88,-23,-22,10,-78,-89,10,-104,86,67,-116,-53,-85,-115,71,0,-61,101,112,-30,33,-50,-82,27,-37,-122,-31,24,116,-121,-73,-19,75,100,-68,96,38,-110,5,115,-89,74
CryptoManager.coreAesEncrypt result=15,0,-127,0,108,68,65,84,50,12,0,1,0,2,6,36,2,8,2,-50,66,32,0,2,0,54,0,34,0,5,81,51,48,54,53,48,55,54,-95,-111,24,-54,88,64,4,-1,0,-1,0,-1,0,-1,0,8,0,3,0,-112,0,0,0,24,0,4,0,3,0,29,0,1,0,7,0,36,0,5,0,7,0,27,0,1,0,7,0,24,0,5,0,3,0,27,0,3,0,1,0,29,0,3,0,1,0,36,0,3,0,1,0,-1,-1,38,-117,-91,-91,-91,-91,-91,-91,-91,-91,-91,-91,-91,-91,-91,-91,-91
CryptoManager.coreAesEncrypt is called: data=13,0,-126,-91,-91,-91,-91,-91,-91,-91,-91,-91,-91,-91,-91,-91
CryptoManager.coreAesEncrypt result=97,-99,25,93,124,70,-92,98,-77,-83,68,-90,-58,-53,70,-45
CryptoManager.coreAesEncrypt is called: data=-51,71,-9,-82,17,-55,116,-49,-29,-48,100,108,105,32,-70,99
CryptoManager.coreAesEncrypt result=13,0,-126,-91,-91,-91,-91,-91,-91,-91,-91,-91,-91,-91,-91,-91
