CryptoManager.coreAesInit is called: iv=27,-8,123,105,102,-84,106,125,-101,-91,58,25,93,44,-20,-107, hardware_version=1538, firmware_version=520, serial_number=17102
CryptoManager.coreAesEncrypt is called: data=7,0,-128,8,0,0,0,0,-56,-91,-91,-91,-91,-91,-91,-91
CryptoManager.coreAesEncrypt result=-117,-71,-33,-80,10,-30,52,-103,61,-92,20,46,9,37,-39,65
CryptoManager.coreAesEncrypt is called: data=94,50,94,-29,4,-106,-70,-2,-105,-119,123,-26,-32,-49,-31,97
CryptoManager.coreAesEncrypt result=7,0,-128,0,0,0,108,0,-56,-91,-91,-91,-91,-91,-91,-91
CryptoManager.coreAesEncrypt is called: data=9,0,-127,0,0,0,0,-91,-91,-91,-91,-91,-91,-91,-91,-91
CryptoManager.coreAesEncrypt result=-86,40,35,-43,91,-64,-125,118,89,-30,-43,-40,107,-5,126,-13
CryptoManager.coreAesEncrypt is called: data=-60,74,-119,-108,-126,80,117,61,-14,-111,105,8,-48,-112,26,-85,-120,-4,-75,-108,-113,-17,27,-22,-48,77,-112,120,-107,65,-83,-69,86,38,108,-80,42,-10,-33,-80,-10,-111,113,47,11,25,-31,-103,-110,8,115,-13,-99,77,-29,97,-97,-11,126,79,47,4,-108,-51,-55,44,-17,122,80,-114,41,-21,76,124,-32,-15,40,-8,-122,-46,53,111,-6,21,-8,-43,-63,-2,79,47,58,48,-27,33,-51,-7,123,-124,-69,-78,-5,-122,-54,5,60,101,-55,-108,-65,-78,104,5,122,-34,77,-15,35,49,-101,-92,33,94,80,22,108,107,26,2
CryptoManager.coreAesEncrypt result=15,0,-127,0,108,68,65,84,50,12,0,1,0,2,6,36,2,8,2,-50,66,32,0,2,0,54,0,34,0,5,81,51,48,54,53,48,55,54,-95,-111,24,-54,88,64,4,-1,0,-1,0,-1,0,-1,0,8,0,3,0,-112,0,0,0,24,0,4,0,3,0,29,0,1,0,7,0,36,0,5,0,7,0,27,0,1,0,7,0,24,0,5,0,3,0,27,0,3,0,1,0,29,0,3,0,1,0,36,0,3,0,1,0,-1,-1,38,-117,-91,-91,-91,-91,-91,-91,-91,-91,-91,-91,-91,-91,-91,-91,-91
CryptoManager.coreAesEncrypt is called: data=13,0,-126,-91,-91,-91,-91,-91,-91,-91,-91,-91,-91,-91,-91,-91
CryptoManager.coreAesEncrypt result=78,-76,-11,-54,47,58,114,49,-23,-71,60,-53,-48,-16,86,93
CryptoManager.coreAesEncrypt is called: data=23,114,-122,-18,-124,-50,80,95,2,-20,-11,-57,41,66,-72,-71
CryptoManager.coreAesEncrypt result=13,0,-126,-91,-91,-91,-91,-91,-91,-91,-91,-91,-91,-91,-91,-91
CryptoManager.coreAesEncrypt is called: data=15,0,59,0,3,0,1,0,0,0,2,0,0,0,3,0,1,-91,-91,-91,-91,-91,-91,-91,-91,-91,-91,-91,-91,-91,-91,-91
CryptoManager.coreAesEncrypt result=7,-39,61,-19,115,119,-127,107,-31,-109,-87,-34,-2,-77,35,-45,-101,73,88,76,126,15,-45,15,43,57,13,120,-67,82,-122,-49
CryptoManager.coreAesEncrypt is called: data=75,-45,-59,83,-117,6,-52,110,-34,49,-92,22,-87,-89,-33,95
CryptoManager.coreAesEncrypt result=13,0,59,-91,-91,-91,-91,-91,-91,-91,-91,-91,-91,-91,-91,-91
CryptoManager.coreAesEncrypt is called: data=11,0,69,0,0,-91,-91,-91,-91,-91,-91,-91,-91,-91,-91,-91
CryptoManager.coreAesEncrypt result=70,-87,-11,23,19,-19,7,71,-40,-97,67,112,-7,-45,-96,-125
CryptoManager.coreAesEncrypt is called: data=-76,97,98,14,86,115,-113,70,-60,59,-83,-85,-88,77,-114,-49
CryptoManager.coreAesEncrypt result=11,0,69,0,0,-91,-91,-91,-91,-91,-91,-91,-91,-91,-91,-91


CryptoManager.coreAesEncrypt is called: data=13,0,74,-91,-91,-91,-91,-91,-91,-91,-91,-91,-91,-91,-91,-91
CryptoManager.coreAesEncrypt result=-97,70,-36,-47,66,-46,113,102,-99,106,-8,68,76,-4,-5,81
CryptoManager.coreAesEncrypt is called: data=28,85,127,-46,-16,-56,-20,-68,-31,91,86,29,97,-119,-113,-56
CryptoManager.coreAesEncrypt result=9,0,74,0,1,0,5,-91,-91,-91,-91,-91,-91,-91,-91,-91

CryptoManager.coreAesEncrypt is called: data=13,0,58,-91,-91,-91,-91,-91,-91,-91,-91,-91,-91,-91,-91,-91
CryptoManager.coreAesEncrypt result=-5,-45,24,-13,-91,-71,19,-36,-10,-28,72,117,115,-120,125,76
CryptoManager.coreAesEncrypt is called: data=-57,15,41,-128,-116,-113,-83,-107,88,-84,103,-53,20,118,4,-32,-26,-52,-97,16,126,14,45,-52,-21,113,-99,105,-113,85,125,-79
CryptoManager.coreAesEncrypt result=15,0,58,0,3,0,1,0,0,0,2,0,0,0,3,0,1,-91,-91,-91,-91,-91,-91,-91,-91,-91,-91,-91,-91,-91,-91,-91


CryptoManager.coreAesInit is called: iv=42,101,-78,14,60,-65,18,-80,127,-46,32,6,-36,-7,11,35, hardware_version=1538, firmware_version=520, serial_number=17102


CryptoManager.coreAesEncrypt is called: data=7,0,-128,8,0,0,0,0,-56,-91,-91,-91,-91,-91,-91,-91
CryptoManager.coreAesEncrypt result=-48,-86,84,123,-44,73,-121,21,-45,124,-82,104,-83,87,-115,49
CryptoManager.coreAesEncrypt is called: data=-78,-73,13,124,81,-85,-86,-34,-104,80,-2,-6,-10,31,4,-65
CryptoManager.coreAesEncrypt result=7,0,-128,0,0,0,108,0,-56,-91,-91,-91,-91,-91,-91,-91


CryptoManager.coreAesEncrypt is called: data=9,0,-127,0,0,0,0,-91,-91,-91,-91,-91,-91,-91,-91,-91
CryptoManager.coreAesEncrypt result=-123,-45,-95,-84,-32,-29,-76,1,83,103,-114,74,-19,7,118,60
CryptoManager.coreAesEncrypt is called: data=-22,25,-42,43,16,113,94,28,-45,-107,-9,-88,26,74,115,12,-113,35,23,-40,-54,69,-112,-100,41,-111,-66,127,-85,103,-89,83,75,-7,-52,-47,-52,-113,-81,-69,4,-98,-42,104,-113,-2,34,54,-63,36,102,-121,-4,-70,38,-90,-37,-83,-107,-101,89,-34,51,113,-119,0,91,63,96,-38,-73,-80,116,-123,16,-61,-64,-123,-128,123,-44,23,59,-99,33,-27,-124,-110,56,21,112,-99,-33,-25,64,59,-82,-125,-20,-115,92,-110,32,119,-47,-43,-111,-100,-123,-128,-17,2,77,87,118,-93,-48,62,-61,-13,-120,-49,125,19,-95,34,-42,83
CryptoManager.coreAesEncrypt result=15,0,-127,0,108,68,65,84,50,12,0,1,0,2,6,36,2,8,2,-50,66,32,0,2,0,54,0,34,0,5,81,51,48,54,53,48,55,54,-95,-111,24,-54,88,64,4,-1,0,-1,0,-1,0,-1,0,8,0,3,0,-112,0,0,0,24,0,4,0,3,0,29,0,1,0,7,0,36,0,5,0,7,0,27,0,1,0,7,0,24,0,5,0,3,0,27,0,3,0,1,0,29,0,3,0,1,0,36,0,3,0,1,0,-1,-1,38,-117,-91,-91,-91,-91,-91,-91,-91,-91,-91,-91,-91,-91,-91,-91,-91


CryptoManager.coreAesEncrypt is called: data=13,0,-126,-91,-91,-91,-91,-91,-91,-91,-91,-91,-91,-91,-91,-91
CryptoManager.coreAesEncrypt result=-62,119,-2,67,-57,-76,54,-100,119,-61,113,69,-27,29,88,-23
CryptoManager.coreAesEncrypt is called: data=3,60,-27,-72,99,-16,6,-13,18,-128,53,1,-42,-91,-113,46
CryptoManager.coreAesEncrypt result=13,0,-126,-91,-91,-91,-91,-91,-91,-91,-91,-91,-91,-91,-91,-91


CryptoManager.coreAesEncrypt is called: data=15,0,59,0,3,0,1,0,0,0,2,0,0,0,3,0,1,-91,-91,-91,-91,-91,-91,-91,-91,-91,-91,-91,-91,-91,-91,-91
CryptoManager.coreAesEncrypt result=-119,-110,-8,19,-71,124,-111,24,91,29,-14,19,56,112,79,-51,-65,-25,77,-114,27,63,-124,30,21,-97,-76,-15,-92,1,-55,-44
CryptoManager.coreAesEncrypt is called: data=19,70,-88,-1,18,25,49,110,103,-31,-86,-11,-119,69,-42,106
CryptoManager.coreAesEncrypt result=13,0,59,-91,-91,-91,-91,-91,-91,-91,-91,-91,-91,-91,-91,-91


CryptoManager.coreAesEncrypt is called: data=11,0,69,0,0,-91,-91,-91,-91,-91,-91,-91,-91,-91,-91,-91
CryptoManager.coreAesEncrypt result=-81,-103,81,-125,97,-92,-73,-26,-79,126,14,60,44,-31,-18,-123
CryptoManager.coreAesEncrypt is called: data=-26,6,-86,-90,92,-29,-7,-24,55,51,-4,30,-2,51,-24,-5
CryptoManager.coreAesEncrypt result=11,0,69,0,0,-91,-91,-91,-91,-91,-91,-91,-91,-91,-91,-91

CryptoManager.coreAesEncrypt is called: data=13,0,74,-91,-91,-91,-91,-91,-91,-91,-91,-91,-91,-91,-91,-91
CryptoManager.coreAesEncrypt result=-21,49,-94,75,-123,-8,19,127,25,-93,125,-2,12,-14,-74,44
CryptoManager.coreAesEncrypt is called: data=-92,-87,52,125,30,-31,-2,101,-33,17,-41,-40,-103,18,-69,-11
CryptoManager.coreAesEncrypt result=9,0,74,0,1,0,5,-91,-91,-91,-91,-91,-91,-91,-91,-91


CryptoManager.coreAesEncrypt is called: data=11,0,112,0,1 一个文件,-91,-91,-91,-91,-91,-91,-91,-91,-91,-91,-91
CryptoManager.coreAesEncrypt result=-109,-42,63,-91,-48,70,-128,-35,72,51,-66,92,-109,12,-113,43
CryptoManager.coreAesEncrypt is called: data=-88,-95,-18,83,-4,120,124,86,-64,96,47,-95,101,-2,74,50
CryptoManager.coreAesEncrypt result=13,0,112,-91,-91,-91,-91,-91,-91,-91,-91,-91,-91,-91,-91,-91

CryptoManager.coreAesEncrypt is called: data=5,0,113,1类型,0,1 文件id,5版本,0,0,1,-28大小,-91,-91,-91,-91,-91
CryptoManager.coreAesEncrypt result=51,-4,-113,-27,125,-54,67,114,53,95,-92,49,125,-25,98,-112
CryptoManager.coreAesEncrypt is called: data=-43,-120,-29,-75,-45,63,19,22,57,-79,20,-113,86,37,-111,-97
CryptoManager.coreAesEncrypt result=13,0,113,-91,-91,-91,-91,-91,-91,-91,-91,-91,-91,-91,-91,-91


CryptoManager.coreAesEncrypt is called: data=1,0,114,0,0,0,-56,67,65,78,51,-38,1,0,0,-16,-75,3,35,-117,-80,4,70,-125,97,0,41,54,-48,28,75,-125,99,28,75,-61,99,0,37,27,75,67,99,-51,-23,0,85,1,34,5,35,-51,-23,3,35,8,38,7,33,79,-12,-106,115,-51,-23,7,19,-51,-23,5,101,41,70,9,-107,-121,104,0,104,28,35,3,-86,-72,71,64,-14,1,19,3,-86,3,-107,-83,-8,16,48,-51,-23,0,85,51,70,2,33,-91,104,32,104,-88,71,64,-14,18,33,32,70,0,-16,17,-8,102,33,32,70,0,-16,13,-8,79,-12,-64,113,32,70,0,-16,8,-8,11,-80,-16,-67,65,-67,1,32,-41,-67,1,32,-57,-68,1,32,31,-75,0,35,-51,-23,0,51,-115,-8,8,48,8,35,3,-111,-124,104,0,104,13,-21,3,2,3,33,-96,71,4,-80,16,-67,48,-75,5,107,9,1,108,24,106,84,1,34,98,112,99,96,-48,-23,8,35,-91
CryptoManager.coreAesEncrypt result=-38,-37,126,16,26,82,-85,34,111,-104,-3,52,35,16,-63,75,57,5,-65,80,-48,-28,54,108,43,69,-14,88,6,87,-86,-119,57,-65,-37,101,20,-95,-79,13,48,-67,58,41,46,59,-125,-46,-62,98,-96,74,45,67,-105,96,-16,-3,-76,-106,124,60,115,-31,-117,-19,-56,1,-56,-25,0,116,-49,-35,-90,84,35,-44,-99,-77,-58,17,28,102,101,-34,-21,-89,23,86,39,42,41,109,-12,-90,74,10,-40,-61,-80,30,71,-42,-63,-101,-106,-52,-38,59,-81,41,-40,103,3,12,46,-27,108,123,11,-96,-72,67,105,41,-66,-77,-30,11,37,113,100,5,80,-63,124,-118,-11,-10,22,68,-41,51,73,-111,57,-9,80,89,112,-47,75,-54,-107,-99,41,-80,-65,76,2,36,7,-96,-116,40,-89,42,-126,-98,-21,78,86,83,44,107,115,99,-36,54,-125,-60,1,15,-103,-27,-8,29,100,-56,-89,55,-91,17,29,41,103,108,44,-109,45,15,-100,104,2,-69,-86,117
CryptoManager.coreAesEncrypt is called: data=-102,18,-52,62,30,-6,79,-76,85,21,-127,-126,-102,-7,-53,82
CryptoManager.coreAesEncrypt result=13,0,114,-91,-91,-91,-91,-91,-91,-91,-91,-91,-91,-91,-91,-91


CryptoManager.coreAesEncrypt is called: data=1,0,114,0,1,0,-56,-60,-23,2,35,48,-67,-48,-23,8,35,45,-23,-16,75,18,-21,1,11,67,-15,0,12,4,70,-64,-23,8,-68,-128,106,1,104,9,-79,1,57,1,96,32,107,-48,-23,2,16,-69,-21,1,8,108,-21,0,9,0,35,79,-12,-106,114,75,69,8,-65,66,69,5,-46,0,35,26,70,25,70,32,70,-1,-9,-49,-1,33,107,-44,-23,8,32,-47,-23,6,49,-42,26,96,-21,1,7,0,35,79,-12,-106,114,-69,66,8,-65,-78,66,7,-46,0,35,32,70,26,70,1,33,-67,-24,-16,75,-1,-9,-72,-65,-67,-24,-16,-117,45,-23,-1,65,10,-102,12,70,-31,-71,91,104,-77,-11,-64,127,38,-48,64,-14,18,37,-85,66,8,-48,102,43,18,-47,19,121,10,43,18,-40,11,70,1,34,1,33,9,-32,83,-120,91,-70,-61,-13,12,3,-77,-11,-6,95,-118,-65,11,70,1,34,26,70,-1,-9,-108,-1,4,-80,-67,-24,-91
CryptoManager.coreAesEncrypt result=-36,43,21,-102,-85,-88,40,41,102,10,77,-120,80,-27,51,32,56,13,-98,-51,48,-97,-42,99,-125,36,-125,-75,-78,110,35,-87,-116,-45,90,95,114,-46,-50,-82,-47,28,-15,-106,27,-71,16,70,-65,121,-3,111,8,-43,-76,-128,-97,-2,-73,34,89,70,59,50,-15,-76,-55,69,15,-58,-4,71,117,72,24,91,-111,62,-90,-108,-120,-115,-70,-12,-84,-12,42,34,49,19,109,89,-126,86,95,-113,-10,23,-72,8,31,-36,106,-71,-64,-126,59,-121,-32,83,79,75,49,57,84,29,-81,-23,65,-81,-38,-89,122,94,-120,57,78,113,67,4,-86,59,10,72,113,-34,-53,-47,9,-115,82,108,-1,98,8,48,-16,-67,57,-107,-118,5,15,3,77,-31,7,-74,-126,-48,44,-23,-77,-81,61,-37,-98,26,3,-80,108,47,111,-6,-70,-74,117,17,16,16,28,-9,-16,5,56,-92,-10,-12,-72,9,53,27,35,121,39,-43,39,114,-100,41,105,-52,110,48,0,58,-4,-124
CryptoManager.coreAesEncrypt is called: data=-48,-120,58,72,82,7,65,-67,-100,-21,89,-90,-60,-127,79,-121
CryptoManager.coreAesEncrypt result=13,0,114,-91,-91,-91,-91,-91,-91,-91,-91,-91,-91,-91,-91,-91


CryptoManager.coreAesEncrypt is called: data=5,0,114,0,2,0,84,-16,-127,20,43,2,-40,1,35,26,70,-23,-25,-6,43,1,-40,2,35,-28,-25,11,70,-9,-25,-123,106,-42,120,43,121,-58,-13,-128,6,-77,66,-22,-48,43,104,107,-79,-51,-23,0,17,5,35,3,-109,-48,-8,8,-128,0,104,4,35,3,-86,7,33,-64,71,44,96,46,113,-38,-25,64,-14,-36,83,43,96,-7,-25,0,32,112,71,-70,95,-91,-91,-91,-91,-91
CryptoManager.coreAesEncrypt result=-74,64,10,54,92,81,41,-83,-107,-49,54,-115,73,-6,62,-9,-75,-30,-20,31,109,-57,-45,-89,118,-41,-46,-61,-119,90,95,-30,87,-32,-110,-97,52,45,75,34,-86,-61,74,-28,88,-69,-71,121,35,3,-91,55,78,64,111,-104,72,7,-120,-120,-92,33,12,-9,-28,84,-34,96,-84,71,15,2,34,81,7,87,-49,81,72,-25,2,-75,-80,103,95,-49,110,-21,69,-7,23,22,-84,37,-104,6
CryptoManager.coreAesEncrypt is called: data=-120,-75,-51,-74,92,117,39,5,-31,-78,53,-78,47,-5,-86,-31
CryptoManager.coreAesEncrypt result=13,0,114,-91,-91,-91,-91,-91,-91,-91,-91,-91,-91,-91,-91,-91


CryptoManager.coreAesEncrypt is called: data=13,0,115,-91,-91,-91,-91,-91,-91,-91,-91,-91,-91,-91,-91,-91
CryptoManager.coreAesEncrypt result=23,79,56,77,-67,-102,-77,4,48,-71,105,-35,-58,-128,-4,112
CryptoManager.coreAesEncrypt is called: data=5,-102,98,-36,-101,80,26,-108,0,-89,113,-99,30,43,90,-36
CryptoManager.coreAesEncrypt result=13,0,115,-91,-91,-91,-91,-91,-91,-91,-91,-91,-91,-91,-91,-91


CryptoManager.coreAesEncrypt is called: data=13,0,116,-91,-91,-91,-91,-91,-91,-91,-91,-91,-91,-91,-91,-91
CryptoManager.coreAesEncrypt result=-12,-20,-66,66,-120,-30,64,-53,40,-82,-8,-14,-38,78,-123,106
CryptoManager.coreAesEncrypt is called: data=82,123,-80,-103,17,15,46,109,-107,-92,-85,-95,41,-21,-115,-51
CryptoManager.coreAesEncrypt result=13,0,116,-91,-91,-91,-91,-91,-91,-91,-91,-91,-91,-91,-91,-91


CryptoManager.coreAesEncrypt is called: data=13,0,58,-91,-91,-91,-91,-91,-91,-91,-91,-91,-91,-91,-91,-91
CryptoManager.coreAesEncrypt result=15,-59,4,41,70,-67,21,18,59,8,-71,108,-100,61,-117,-4
CryptoManager.coreAesEncrypt is called: data=49,3,-52,88,-88,-122,65,101,17,112,-6,117,-120,-114,-92,-80,46,105,2,123,-50,-55,18,-106,92,67,57,-12,105,24,113,31
CryptoManager.coreAesEncrypt result=15,0,58,0,3,0,1,0,0,0,2,0,0,0,3,0,1,-91,-91,-91,-91,-91,-91,-91,-91,-91,-91,-91,-91,-91,-91,-91


CryptoManager.coreAesInit is called: iv=-17,-28,56,-75,-23,89,24,-47,40,103,27,52,-49,-26,-24,-66, hardware_version=1538, firmware_version=520, serial_number=17102
CryptoManager.coreAesEncrypt is called: data=7,0,-128,8,0,0,0,0,-56,-91,-91,-91,-91,-91,-91,-91
CryptoManager.coreAesEncrypt result=-81,54,-56,67,-125,-9,123,61,-4,68,-74,-118,-79,31,-101,-61
CryptoManager.coreAesEncrypt is called: data=-100,-49,18,32,-67,82,-23,-123,70,-24,121,11,-53,-113,52,109
CryptoManager.coreAesEncrypt result=7,0,-128,0,0,0,108,0,-56,-91,-91,-91,-91,-91,-91,-91
CryptoManager.coreAesEncrypt is called: data=9,0,-127,0,0,0,0,-91,-91,-91,-91,-91,-91,-91,-91,-91
CryptoManager.coreAesEncrypt result=91,52,-32,-113,-20,-24,-54,8,-128,-37,-12,97,-109,79,16,57
CryptoManager.coreAesEncrypt is called: data=104,-33,-127,74,67,0,-88,96,85,-10,-63,-98,18,24,31,-41,43,-69,-107,-19,-58,123,24,-107,7,-10,84,-81,20,-122,86,66,76,112,-34,124,18,26,1,-82,108,121,70,38,43,46,7,-75,-101,70,-21,47,112,-27,89,-104,-75,-52,-28,1,-89,-26,33,-45,-33,60,109,-78,-33,-4,-89,2,13,73,-128,-107,-56,9,-40,61,-26,-58,58,37,-89,10,51,8,-90,-112,98,-79,18,108,58,-79,-65,-11,4,12,-127,65,-9,-70,-49,-53,127,-83,-4,-14,-20,83,113,-44,88,30,2,126,94,120,-68,-63,-8,121,-4,68,125,-73
CryptoManager.coreAesEncrypt result=15,0,-127,0,108,68,65,84,50,12,0,1,0,2,6,36,2,8,2,-50,66,32,0,2,0,54,0,34,0,5,81,51,48,54,53,48,55,54,-95,-111,24,-54,88,64,4,-1,0,-1,0,-1,0,-1,0,8,0,3,0,-112,0,0,0,24,0,4,0,3,0,29,0,1,0,7,0,36,0,5,0,7,0,27,0,1,0,7,0,24,0,5,0,3,0,27,0,3,0,1,0,29,0,3,0,1,0,36,0,3,0,1,0,-1,-1,38,-117,-91,-91,-91,-91,-91,-91,-91,-91,-91,-91,-91,-91,-91,-91,-91
CryptoManager.coreAesEncrypt is called: data=13,0,-126,-91,-91,-91,-91,-91,-91,-91,-91,-91,-91,-91,-91,-91
CryptoManager.coreAesEncrypt result=18,-26,-73,2,-93,-83,-86,33,120,34,-52,127,-65,-44,117,-50
CryptoManager.coreAesEncrypt is called: data=106,53,-55,-73,-118,-84,-106,115,-39,65,16,-67,-53,-81,-64,96
CryptoManager.coreAesEncrypt result=13,0,-126,-91,-91,-91,-91,-91,-91,-91,-91,-91,-91,-91,-91,-91
